Wed, 14 Aug 2019 16:39:56-common.log-run.py-[line:26]-INFO-[日志信息]: 加载测试用例
Wed, 14 Aug 2019 16:39:56-common.log-rootcase.py-[line:35]-INFO-[日志信息]: 开始执行测试类
Wed, 14 Aug 2019 16:40:16-common.log-test_invest.py-[line:28]-INFO-[日志信息]: 开始执行测试用例
Wed, 14 Aug 2019 16:40:16-common.log-home_page.py-[line:24]-INFO-[日志信息]: 跳过欢迎页
Wed, 14 Aug 2019 16:40:22-common.log-home_page.py-[line:32]-INFO-[日志信息]: 点击[立即体验]按钮
Wed, 14 Aug 2019 16:40:23-common.log-login_page.py-[line:30]-INFO-[日志信息]: 点击[登录/注册]按钮
Wed, 14 Aug 2019 16:40:25-common.log-login_page.py-[line:34]-INFO-[日志信息]: 输入[用户名]13691579846
Wed, 14 Aug 2019 16:40:27-common.log-login_page.py-[line:43]-INFO-[日志信息]: 点击[下一步]按钮
Wed, 14 Aug 2019 16:40:28-common.log-login_page.py-[line:47]-INFO-[日志信息]: 输入[密码]xiaochao11520
Wed, 14 Aug 2019 16:40:30-common.log-login_page.py-[line:56]-INFO-[日志信息]: 点击[确定]按钮
Wed, 14 Aug 2019 16:40:30-common.log-user_page.py-[line:25]-INFO-[日志信息]: 点击[以后再说]按钮
Wed, 14 Aug 2019 16:40:32-common.log-home_page.py-[line:36]-INFO-[日志信息]: 点击[投标]按钮
Wed, 14 Aug 2019 16:40:33-common.log-invest_page.py-[line:29]-INFO-[日志信息]: 点击[立即投资]按钮
Wed, 14 Aug 2019 16:40:41-common.log-test_invest.py-[line:63]-INFO-[日志信息]: 执行测试用例结束
Wed, 14 Aug 2019 16:40:41-common.log-test_invest.py-[line:28]-INFO-[日志信息]: 开始执行测试用例
Wed, 14 Aug 2019 16:40:41-common.log-home_page.py-[line:24]-INFO-[日志信息]: 跳过欢迎页
Wed, 14 Aug 2019 16:40:44-common.log-test_invest.py-[line:28]-INFO-[日志信息]: 开始执行测试用例
Wed, 14 Aug 2019 16:40:44-common.log-home_page.py-[line:24]-INFO-[日志信息]: 跳过欢迎页
Wed, 14 Aug 2019 16:40:47-common.log-test_invest.py-[line:28]-INFO-[日志信息]: 开始执行测试用例
Wed, 14 Aug 2019 16:40:47-common.log-home_page.py-[line:24]-INFO-[日志信息]: 跳过欢迎页
Wed, 14 Aug 2019 16:40:50-common.log-test_invest.py-[line:28]-INFO-[日志信息]: 开始执行测试用例
Wed, 14 Aug 2019 16:40:50-common.log-home_page.py-[line:24]-INFO-[日志信息]: 跳过欢迎页
Wed, 14 Aug 2019 16:40:55-common.log-rootcase.py-[line:50]-INFO-[日志信息]: 执行测试类结束
Wed, 14 Aug 2019 16:40:55-common.log-rootcase.py-[line:35]-INFO-[日志信息]: 开始执行测试类
Wed, 14 Aug 2019 16:41:14-common.log-test_loan.py-[line:30]-INFO-[日志信息]: 开始执行测试用例
Wed, 14 Aug 2019 16:41:14-common.log-home_page.py-[line:24]-INFO-[日志信息]: 跳过欢迎页
Wed, 14 Aug 2019 16:41:20-common.log-home_page.py-[line:32]-INFO-[日志信息]: 点击[立即体验]按钮
Wed, 14 Aug 2019 16:41:20-common.log-login_page.py-[line:30]-INFO-[日志信息]: 点击[登录/注册]按钮
Wed, 14 Aug 2019 16:41:22-common.log-login_page.py-[line:34]-INFO-[日志信息]: 输入[用户名]13691579846
Wed, 14 Aug 2019 16:41:25-common.log-login_page.py-[line:43]-INFO-[日志信息]: 点击[下一步]按钮
Wed, 14 Aug 2019 16:41:26-common.log-login_page.py-[line:47]-INFO-[日志信息]: 输入[密码]xiaochao11520
Wed, 14 Aug 2019 16:41:28-common.log-login_page.py-[line:56]-INFO-[日志信息]: 点击[确定]按钮
Wed, 14 Aug 2019 16:41:28-common.log-user_page.py-[line:25]-INFO-[日志信息]: 点击[以后再说]按钮
Wed, 14 Aug 2019 16:41:30-common.log-home_page.py-[line:44]-INFO-[日志信息]: 点击[我要借款]按钮
Wed, 14 Aug 2019 16:41:31-common.log-loan_page.py-[line:66]-INFO-[日志信息]: 点击[下一步]按钮
Wed, 14 Aug 2019 16:41:33-common.log-loan_page.py-[line:187]-INFO-[日志信息]: 获取投资失败的提示信息
Wed, 14 Aug 2019 16:41:34-common.log-test_loan.py-[line:47]-INFO-[日志信息]: 测试用例:test_loan_amount_fail->通过
Wed, 14 Aug 2019 16:41:41-common.log-test_loan.py-[line:104]-INFO-[日志信息]: 执行测试用例结束
Wed, 14 Aug 2019 16:41:41-common.log-test_loan.py-[line:30]-INFO-[日志信息]: 开始执行测试用例
Wed, 14 Aug 2019 16:41:41-common.log-home_page.py-[line:24]-INFO-[日志信息]: 跳过欢迎页
Wed, 14 Aug 2019 16:41:47-common.log-home_page.py-[line:32]-INFO-[日志信息]: 点击[立即体验]按钮
Wed, 14 Aug 2019 16:41:47-common.log-login_page.py-[line:30]-INFO-[日志信息]: 点击[登录/注册]按钮
Wed, 14 Aug 2019 16:41:50-common.log-login_page.py-[line:34]-INFO-[日志信息]: 输入[用户名]13691579846
Wed, 14 Aug 2019 16:41:53-common.log-login_page.py-[line:43]-INFO-[日志信息]: 点击[下一步]按钮
Wed, 14 Aug 2019 16:41:54-common.log-login_page.py-[line:47]-INFO-[日志信息]: 输入[密码]xiaochao11520
Wed, 14 Aug 2019 16:41:55-common.log-login_page.py-[line:56]-INFO-[日志信息]: 点击[确定]按钮
Wed, 14 Aug 2019 16:41:56-common.log-user_page.py-[line:25]-INFO-[日志信息]: 点击[以后再说]按钮
Wed, 14 Aug 2019 16:41:58-common.log-home_page.py-[line:44]-INFO-[日志信息]: 点击[我要借款]按钮
Wed, 14 Aug 2019 16:41:58-common.log-loan_page.py-[line:62]-INFO-[日志信息]: 输入[投资金额]0
Wed, 14 Aug 2019 16:42:01-common.log-loan_page.py-[line:66]-INFO-[日志信息]: 点击[下一步]按钮
Wed, 14 Aug 2019 16:42:02-common.log-loan_page.py-[line:187]-INFO-[日志信息]: 获取投资失败的提示信息
Wed, 14 Aug 2019 16:42:03-common.log-test_loan.py-[line:47]-INFO-[日志信息]: 测试用例:test_loan_amount_fail->通过
Wed, 14 Aug 2019 16:42:09-common.log-test_loan.py-[line:104]-INFO-[日志信息]: 执行测试用例结束
Wed, 14 Aug 2019 16:42:09-common.log-test_loan.py-[line:30]-INFO-[日志信息]: 开始执行测试用例
Wed, 14 Aug 2019 16:42:09-common.log-home_page.py-[line:24]-INFO-[日志信息]: 跳过欢迎页
Wed, 14 Aug 2019 16:42:15-common.log-home_page.py-[line:32]-INFO-[日志信息]: 点击[立即体验]按钮
Wed, 14 Aug 2019 16:42:15-common.log-login_page.py-[line:30]-INFO-[日志信息]: 点击[登录/注册]按钮
Wed, 14 Aug 2019 16:42:18-common.log-login_page.py-[line:34]-INFO-[日志信息]: 输入[用户名]13691579846
Wed, 14 Aug 2019 16:42:21-common.log-login_page.py-[line:43]-INFO-[日志信息]: 点击[下一步]按钮
Wed, 14 Aug 2019 16:42:22-common.log-login_page.py-[line:47]-INFO-[日志信息]: 输入[密码]xiaochao11520
Wed, 14 Aug 2019 16:42:24-common.log-login_page.py-[line:56]-INFO-[日志信息]: 点击[确定]按钮
Wed, 14 Aug 2019 16:42:24-common.log-user_page.py-[line:25]-INFO-[日志信息]: 点击[以后再说]按钮
Wed, 14 Aug 2019 16:42:26-common.log-home_page.py-[line:44]-INFO-[日志信息]: 点击[我要借款]按钮
Wed, 14 Aug 2019 16:42:27-common.log-loan_page.py-[line:62]-INFO-[日志信息]: 输入[投资金额]999
Wed, 14 Aug 2019 16:42:29-common.log-loan_page.py-[line:66]-INFO-[日志信息]: 点击[下一步]按钮
Wed, 14 Aug 2019 16:42:30-common.log-loan_page.py-[line:187]-INFO-[日志信息]: 获取投资失败的提示信息
Wed, 14 Aug 2019 16:42:31-common.log-test_loan.py-[line:47]-INFO-[日志信息]: 测试用例:test_loan_amount_fail->通过
Wed, 14 Aug 2019 16:42:38-common.log-test_loan.py-[line:104]-INFO-[日志信息]: 执行测试用例结束
Wed, 14 Aug 2019 16:42:38-common.log-test_loan.py-[line:30]-INFO-[日志信息]: 开始执行测试用例
Wed, 14 Aug 2019 16:42:38-common.log-home_page.py-[line:24]-INFO-[日志信息]: 跳过欢迎页
Wed, 14 Aug 2019 16:42:44-common.log-home_page.py-[line:32]-INFO-[日志信息]: 点击[立即体验]按钮
Wed, 14 Aug 2019 16:42:44-common.log-login_page.py-[line:30]-INFO-[日志信息]: 点击[登录/注册]按钮
Wed, 14 Aug 2019 16:42:47-common.log-login_page.py-[line:34]-INFO-[日志信息]: 输入[用户名]13691579846
Wed, 14 Aug 2019 16:42:49-common.log-login_page.py-[line:43]-INFO-[日志信息]: 点击[下一步]按钮
Wed, 14 Aug 2019 16:42:50-common.log-login_page.py-[line:47]-INFO-[日志信息]: 输入[密码]xiaochao11520
Wed, 14 Aug 2019 16:42:52-common.log-login_page.py-[line:56]-INFO-[日志信息]: 点击[确定]按钮
Wed, 14 Aug 2019 16:42:53-common.log-user_page.py-[line:25]-INFO-[日志信息]: 点击[以后再说]按钮
Wed, 14 Aug 2019 16:42:55-common.log-home_page.py-[line:44]-INFO-[日志信息]: 点击[我要借款]按钮
Wed, 14 Aug 2019 16:42:56-common.log-loan_page.py-[line:62]-INFO-[日志信息]: 输入[投资金额]1001
Wed, 14 Aug 2019 16:42:58-common.log-loan_page.py-[line:66]-INFO-[日志信息]: 点击[下一步]按钮
Wed, 14 Aug 2019 16:42:58-common.log-loan_page.py-[line:187]-INFO-[日志信息]: 获取投资失败的提示信息
Wed, 14 Aug 2019 16:43:00-common.log-test_loan.py-[line:47]-INFO-[日志信息]: 测试用例:test_loan_amount_fail->通过
Wed, 14 Aug 2019 16:43:06-common.log-test_loan.py-[line:104]-INFO-[日志信息]: 执行测试用例结束
Wed, 14 Aug 2019 16:43:06-common.log-test_loan.py-[line:30]-INFO-[日志信息]: 开始执行测试用例
Wed, 14 Aug 2019 16:43:06-common.log-home_page.py-[line:24]-INFO-[日志信息]: 跳过欢迎页
Wed, 14 Aug 2019 16:43:11-common.log-home_page.py-[line:32]-INFO-[日志信息]: 点击[立即体验]按钮
Wed, 14 Aug 2019 16:43:12-common.log-login_page.py-[line:30]-INFO-[日志信息]: 点击[登录/注册]按钮
Wed, 14 Aug 2019 16:43:15-common.log-login_page.py-[line:34]-INFO-[日志信息]: 输入[用户名]13691579846
Wed, 14 Aug 2019 16:43:18-common.log-login_page.py-[line:43]-INFO-[日志信息]: 点击[下一步]按钮
Wed, 14 Aug 2019 16:43:18-common.log-login_page.py-[line:47]-INFO-[日志信息]: 输入[密码]xiaochao11520
Wed, 14 Aug 2019 16:43:20-common.log-login_page.py-[line:56]-INFO-[日志信息]: 点击[确定]按钮
Wed, 14 Aug 2019 16:43:21-common.log-user_page.py-[line:25]-INFO-[日志信息]: 点击[以后再说]按钮
Wed, 14 Aug 2019 16:43:23-common.log-home_page.py-[line:44]-INFO-[日志信息]: 点击[我要借款]按钮
Wed, 14 Aug 2019 16:43:24-common.log-loan_page.py-[line:62]-INFO-[日志信息]: 输入[投资金额]5001000
Wed, 14 Aug 2019 16:43:26-common.log-loan_page.py-[line:66]-INFO-[日志信息]: 点击[下一步]按钮
Wed, 14 Aug 2019 16:43:26-common.log-loan_page.py-[line:187]-INFO-[日志信息]: 获取投资失败的提示信息
Wed, 14 Aug 2019 16:43:28-common.log-test_loan.py-[line:47]-INFO-[日志信息]: 测试用例:test_loan_amount_fail->通过
Wed, 14 Aug 2019 16:43:33-common.log-test_loan.py-[line:104]-INFO-[日志信息]: 执行测试用例结束
Wed, 14 Aug 2019 16:43:33-common.log-test_loan.py-[line:30]-INFO-[日志信息]: 开始执行测试用例
Wed, 14 Aug 2019 16:43:33-common.log-home_page.py-[line:24]-INFO-[日志信息]: 跳过欢迎页
Wed, 14 Aug 2019 16:43:39-common.log-home_page.py-[line:32]-INFO-[日志信息]: 点击[立即体验]按钮
Wed, 14 Aug 2019 16:43:39-common.log-login_page.py-[line:30]-INFO-[日志信息]: 点击[登录/注册]按钮
Wed, 14 Aug 2019 16:43:42-common.log-login_page.py-[line:34]-INFO-[日志信息]: 输入[用户名]13691579846
Wed, 14 Aug 2019 16:43:44-common.log-login_page.py-[line:43]-INFO-[日志信息]: 点击[下一步]按钮
Wed, 14 Aug 2019 16:43:45-common.log-login_page.py-[line:47]-INFO-[日志信息]: 输入[密码]xiaochao11520
Wed, 14 Aug 2019 16:43:47-common.log-login_page.py-[line:56]-INFO-[日志信息]: 点击[确定]按钮
Wed, 14 Aug 2019 16:43:48-common.log-user_page.py-[line:25]-INFO-[日志信息]: 点击[以后再说]按钮
Wed, 14 Aug 2019 16:43:50-common.log-home_page.py-[line:44]-INFO-[日志信息]: 点击[我要借款]按钮
Wed, 14 Aug 2019 16:43:50-common.log-loan_page.py-[line:62]-INFO-[日志信息]: 输入[投资金额]500000
Wed, 14 Aug 2019 16:43:53-common.log-loan_page.py-[line:66]-INFO-[日志信息]: 点击[下一步]按钮
Wed, 14 Aug 2019 16:43:53-common.log-loan_page.py-[line:182]-INFO-[日志信息]: 获取提交按钮文本信息
Wed, 14 Aug 2019 16:43:55-common.log-test_loan.py-[line:59]-INFO-[日志信息]: 测试用例:test_loan_amount_success->通过
Wed, 14 Aug 2019 16:44:01-common.log-test_loan.py-[line:104]-INFO-[日志信息]: 执行测试用例结束
Wed, 14 Aug 2019 16:44:01-common.log-test_loan.py-[line:30]-INFO-[日志信息]: 开始执行测试用例
Wed, 14 Aug 2019 16:44:01-common.log-home_page.py-[line:24]-INFO-[日志信息]: 跳过欢迎页
Wed, 14 Aug 2019 16:44:07-common.log-home_page.py-[line:32]-INFO-[日志信息]: 点击[立即体验]按钮
Wed, 14 Aug 2019 16:44:07-common.log-login_page.py-[line:30]-INFO-[日志信息]: 点击[登录/注册]按钮
Wed, 14 Aug 2019 16:44:10-common.log-login_page.py-[line:34]-INFO-[日志信息]: 输入[用户名]13691579846
Wed, 14 Aug 2019 16:44:13-common.log-login_page.py-[line:43]-INFO-[日志信息]: 点击[下一步]按钮
Wed, 14 Aug 2019 16:44:13-common.log-login_page.py-[line:47]-INFO-[日志信息]: 输入[密码]xiaochao11520
Wed, 14 Aug 2019 16:44:16-common.log-login_page.py-[line:56]-INFO-[日志信息]: 点击[确定]按钮
Wed, 14 Aug 2019 16:44:16-common.log-user_page.py-[line:25]-INFO-[日志信息]: 点击[以后再说]按钮
Wed, 14 Aug 2019 16:44:18-common.log-home_page.py-[line:44]-INFO-[日志信息]: 点击[我要借款]按钮
Wed, 14 Aug 2019 16:44:19-common.log-loan_page.py-[line:62]-INFO-[日志信息]: 输入[投资金额]50000
Wed, 14 Aug 2019 16:44:21-common.log-loan_page.py-[line:66]-INFO-[日志信息]: 点击[下一步]按钮
Wed, 14 Aug 2019 16:44:21-common.log-loan_page.py-[line:177]-INFO-[日志信息]: 点击[提交]按钮
Wed, 14 Aug 2019 16:44:23-common.log-loan_page.py-[line:187]-INFO-[日志信息]: 获取投资失败的提示信息
Wed, 14 Aug 2019 16:44:24-common.log-test_loan.py-[line:79]-INFO-[日志信息]: 测试用例:test_loan_fail->通过
Wed, 14 Aug 2019 16:44:31-common.log-test_loan.py-[line:104]-INFO-[日志信息]: 执行测试用例结束
Wed, 14 Aug 2019 16:44:31-common.log-test_loan.py-[line:30]-INFO-[日志信息]: 开始执行测试用例
Wed, 14 Aug 2019 16:44:31-common.log-home_page.py-[line:24]-INFO-[日志信息]: 跳过欢迎页
Wed, 14 Aug 2019 16:44:36-common.log-home_page.py-[line:32]-INFO-[日志信息]: 点击[立即体验]按钮
Wed, 14 Aug 2019 16:44:37-common.log-login_page.py-[line:30]-INFO-[日志信息]: 点击[登录/注册]按钮
Wed, 14 Aug 2019 16:44:40-common.log-login_page.py-[line:34]-INFO-[日志信息]: 输入[用户名]13691579846
Wed, 14 Aug 2019 16:44:42-common.log-login_page.py-[line:43]-INFO-[日志信息]: 点击[下一步]按钮
Wed, 14 Aug 2019 16:44:43-common.log-login_page.py-[line:47]-INFO-[日志信息]: 输入[密码]xiaochao11520
Wed, 14 Aug 2019 16:44:45-common.log-login_page.py-[line:56]-INFO-[日志信息]: 点击[确定]按钮
Wed, 14 Aug 2019 16:44:46-common.log-user_page.py-[line:25]-INFO-[日志信息]: 点击[以后再说]按钮
Wed, 14 Aug 2019 16:44:48-common.log-home_page.py-[line:44]-INFO-[日志信息]: 点击[我要借款]按钮
Wed, 14 Aug 2019 16:44:48-common.log-loan_page.py-[line:62]-INFO-[日志信息]: 输入[投资金额]50000
Wed, 14 Aug 2019 16:44:50-common.log-loan_page.py-[line:66]-INFO-[日志信息]: 点击[下一步]按钮
Wed, 14 Aug 2019 16:44:51-common.log-loan_page.py-[line:70]-INFO-[日志信息]: 输入[借款利率]0
Wed, 14 Aug 2019 16:44:54-common.log-loan_page.py-[line:177]-INFO-[日志信息]: 点击[提交]按钮
Wed, 14 Aug 2019 16:44:54-common.log-loan_page.py-[line:187]-INFO-[日志信息]: 获取投资失败的提示信息
Wed, 14 Aug 2019 16:44:55-common.log-test_loan.py-[line:79]-INFO-[日志信息]: 测试用例:test_loan_fail->通过
Wed, 14 Aug 2019 16:45:01-common.log-test_loan.py-[line:104]-INFO-[日志信息]: 执行测试用例结束
Wed, 14 Aug 2019 16:45:01-common.log-test_loan.py-[line:30]-INFO-[日志信息]: 开始执行测试用例
Wed, 14 Aug 2019 16:45:01-common.log-home_page.py-[line:24]-INFO-[日志信息]: 跳过欢迎页
Wed, 14 Aug 2019 16:45:07-common.log-home_page.py-[line:32]-INFO-[日志信息]: 点击[立即体验]按钮
Wed, 14 Aug 2019 16:45:07-common.log-login_page.py-[line:30]-INFO-[日志信息]: 点击[登录/注册]按钮
Wed, 14 Aug 2019 16:45:10-common.log-login_page.py-[line:34]-INFO-[日志信息]: 输入[用户名]13691579846
Wed, 14 Aug 2019 16:45:12-common.log-login_page.py-[line:43]-INFO-[日志信息]: 点击[下一步]按钮
Wed, 14 Aug 2019 16:45:13-common.log-login_page.py-[line:47]-INFO-[日志信息]: 输入[密码]xiaochao11520
Wed, 14 Aug 2019 16:45:15-common.log-login_page.py-[line:56]-INFO-[日志信息]: 点击[确定]按钮
Wed, 14 Aug 2019 16:45:16-common.log-user_page.py-[line:25]-INFO-[日志信息]: 点击[以后再说]按钮
Wed, 14 Aug 2019 16:45:18-common.log-home_page.py-[line:44]-INFO-[日志信息]: 点击[我要借款]按钮
Wed, 14 Aug 2019 16:45:18-common.log-loan_page.py-[line:62]-INFO-[日志信息]: 输入[投资金额]50000
Wed, 14 Aug 2019 16:45:20-common.log-loan_page.py-[line:66]-INFO-[日志信息]: 点击[下一步]按钮
Wed, 14 Aug 2019 16:45:21-common.log-loan_page.py-[line:70]-INFO-[日志信息]: 输入[借款利率]1
Wed, 14 Aug 2019 16:45:24-common.log-loan_page.py-[line:177]-INFO-[日志信息]: 点击[提交]按钮
Wed, 14 Aug 2019 16:45:24-common.log-loan_page.py-[line:187]-INFO-[日志信息]: 获取投资失败的提示信息
Wed, 14 Aug 2019 16:45:26-common.log-test_loan.py-[line:79]-INFO-[日志信息]: 测试用例:test_loan_fail->通过
Wed, 14 Aug 2019 16:45:32-common.log-test_loan.py-[line:104]-INFO-[日志信息]: 执行测试用例结束
Wed, 14 Aug 2019 16:45:32-common.log-test_loan.py-[line:30]-INFO-[日志信息]: 开始执行测试用例
Wed, 14 Aug 2019 16:45:32-common.log-home_page.py-[line:24]-INFO-[日志信息]: 跳过欢迎页
Wed, 14 Aug 2019 16:45:37-common.log-home_page.py-[line:32]-INFO-[日志信息]: 点击[立即体验]按钮
Wed, 14 Aug 2019 16:45:38-common.log-login_page.py-[line:30]-INFO-[日志信息]: 点击[登录/注册]按钮
Wed, 14 Aug 2019 16:45:40-common.log-login_page.py-[line:34]-INFO-[日志信息]: 输入[用户名]13691579846
Wed, 14 Aug 2019 16:45:43-common.log-login_page.py-[line:43]-INFO-[日志信息]: 点击[下一步]按钮
Wed, 14 Aug 2019 16:45:44-common.log-login_page.py-[line:47]-INFO-[日志信息]: 输入[密码]xiaochao11520
Wed, 14 Aug 2019 16:45:46-common.log-login_page.py-[line:56]-INFO-[日志信息]: 点击[确定]按钮
Wed, 14 Aug 2019 16:45:46-common.log-user_page.py-[line:25]-INFO-[日志信息]: 点击[以后再说]按钮
Wed, 14 Aug 2019 16:45:48-common.log-home_page.py-[line:44]-INFO-[日志信息]: 点击[我要借款]按钮
Wed, 14 Aug 2019 16:45:49-common.log-loan_page.py-[line:62]-INFO-[日志信息]: 输入[投资金额]50000
Wed, 14 Aug 2019 16:45:51-common.log-loan_page.py-[line:66]-INFO-[日志信息]: 点击[下一步]按钮
Wed, 14 Aug 2019 16:45:52-common.log-loan_page.py-[line:70]-INFO-[日志信息]: 输入[借款利率]1
Wed, 14 Aug 2019 16:45:54-common.log-loan_page.py-[line:74]-INFO-[日志信息]: 点击[竞标天数]按钮
Wed, 14 Aug 2019 16:45:55-common.log-loan_page.py-[line:86]-INFO-[日志信息]: 选择[竞标天数]选项1天
Wed, 14 Aug 2019 16:45:56-common.log-loan_page.py-[line:177]-INFO-[日志信息]: 点击[提交]按钮
Wed, 14 Aug 2019 16:45:57-common.log-loan_page.py-[line:187]-INFO-[日志信息]: 获取投资失败的提示信息
Wed, 14 Aug 2019 16:45:59-common.log-test_loan.py-[line:79]-INFO-[日志信息]: 测试用例:test_loan_fail->通过
Wed, 14 Aug 2019 16:46:05-common.log-test_loan.py-[line:104]-INFO-[日志信息]: 执行测试用例结束
Wed, 14 Aug 2019 16:46:05-common.log-test_loan.py-[line:30]-INFO-[日志信息]: 开始执行测试用例
Wed, 14 Aug 2019 16:46:05-common.log-home_page.py-[line:24]-INFO-[日志信息]: 跳过欢迎页
Wed, 14 Aug 2019 16:46:11-common.log-home_page.py-[line:32]-INFO-[日志信息]: 点击[立即体验]按钮
Wed, 14 Aug 2019 16:46:11-common.log-login_page.py-[line:30]-INFO-[日志信息]: 点击[登录/注册]按钮
Wed, 14 Aug 2019 16:46:13-common.log-login_page.py-[line:34]-INFO-[日志信息]: 输入[用户名]13691579846
Wed, 14 Aug 2019 16:46:16-common.log-login_page.py-[line:43]-INFO-[日志信息]: 点击[下一步]按钮
Wed, 14 Aug 2019 16:46:17-common.log-login_page.py-[line:47]-INFO-[日志信息]: 输入[密码]xiaochao11520
Wed, 14 Aug 2019 16:46:19-common.log-login_page.py-[line:56]-INFO-[日志信息]: 点击[确定]按钮
Wed, 14 Aug 2019 16:46:20-common.log-user_page.py-[line:25]-INFO-[日志信息]: 点击[以后再说]按钮
Wed, 14 Aug 2019 16:46:21-common.log-home_page.py-[line:44]-INFO-[日志信息]: 点击[我要借款]按钮
Wed, 14 Aug 2019 16:46:22-common.log-loan_page.py-[line:62]-INFO-[日志信息]: 输入[投资金额]50000
Wed, 14 Aug 2019 16:46:24-common.log-loan_page.py-[line:66]-INFO-[日志信息]: 点击[下一步]按钮
Wed, 14 Aug 2019 16:46:24-common.log-loan_page.py-[line:70]-INFO-[日志信息]: 输入[借款利率]1
Wed, 14 Aug 2019 16:46:27-common.log-loan_page.py-[line:74]-INFO-[日志信息]: 点击[竞标天数]按钮
Wed, 14 Aug 2019 16:46:28-common.log-loan_page.py-[line:86]-INFO-[日志信息]: 选择[竞标天数]选项1天
Wed, 14 Aug 2019 16:46:29-common.log-loan_page.py-[line:90]-INFO-[日志信息]: 点击[借款用途]按钮
Wed, 14 Aug 2019 16:46:30-common.log-loan_page.py-[line:103]-INFO-[日志信息]: 选择[借款用途]选项短期周转
Wed, 14 Aug 2019 16:46:31-common.log-loan_page.py-[line:177]-INFO-[日志信息]: 点击[提交]按钮
Wed, 14 Aug 2019 16:46:32-common.log-loan_page.py-[line:187]-INFO-[日志信息]: 获取投资失败的提示信息
Wed, 14 Aug 2019 16:46:33-common.log-test_loan.py-[line:79]-INFO-[日志信息]: 测试用例:test_loan_fail->通过
Wed, 14 Aug 2019 16:46:39-common.log-test_loan.py-[line:104]-INFO-[日志信息]: 执行测试用例结束
Wed, 14 Aug 2019 16:46:39-common.log-test_loan.py-[line:30]-INFO-[日志信息]: 开始执行测试用例
Wed, 14 Aug 2019 16:46:39-common.log-home_page.py-[line:24]-INFO-[日志信息]: 跳过欢迎页
Wed, 14 Aug 2019 16:46:45-common.log-home_page.py-[line:32]-INFO-[日志信息]: 点击[立即体验]按钮
Wed, 14 Aug 2019 16:46:45-common.log-login_page.py-[line:30]-INFO-[日志信息]: 点击[登录/注册]按钮
Wed, 14 Aug 2019 16:46:48-common.log-login_page.py-[line:34]-INFO-[日志信息]: 输入[用户名]13691579846
Wed, 14 Aug 2019 16:46:51-common.log-login_page.py-[line:43]-INFO-[日志信息]: 点击[下一步]按钮
Wed, 14 Aug 2019 16:46:51-common.log-login_page.py-[line:47]-INFO-[日志信息]: 输入[密码]xiaochao11520
Wed, 14 Aug 2019 16:46:53-common.log-login_page.py-[line:56]-INFO-[日志信息]: 点击[确定]按钮
Wed, 14 Aug 2019 16:46:54-common.log-user_page.py-[line:25]-INFO-[日志信息]: 点击[以后再说]按钮
Wed, 14 Aug 2019 16:46:56-common.log-home_page.py-[line:44]-INFO-[日志信息]: 点击[我要借款]按钮
Wed, 14 Aug 2019 16:46:57-common.log-loan_page.py-[line:62]-INFO-[日志信息]: 输入[投资金额]50000
Wed, 14 Aug 2019 16:46:59-common.log-loan_page.py-[line:66]-INFO-[日志信息]: 点击[下一步]按钮
Wed, 14 Aug 2019 16:47:02-common.log-loan_page.py-[line:114]-INFO-[日志信息]: 选择[借款期限]的一级选项按月
Wed, 14 Aug 2019 16:47:03-common.log-loan_page.py-[line:140]-INFO-[日志信息]: 按月-选择借款期限的二级选项2月
Wed, 14 Aug 2019 16:47:10-common.log-test_loan.py-[line:104]-INFO-[日志信息]: 执行测试用例结束
Wed, 14 Aug 2019 16:47:11-common.log-test_loan.py-[line:30]-INFO-[日志信息]: 开始执行测试用例
Wed, 14 Aug 2019 16:47:11-common.log-home_page.py-[line:24]-INFO-[日志信息]: 跳过欢迎页
Wed, 14 Aug 2019 16:47:17-common.log-home_page.py-[line:32]-INFO-[日志信息]: 点击[立即体验]按钮
Wed, 14 Aug 2019 16:47:17-common.log-login_page.py-[line:30]-INFO-[日志信息]: 点击[登录/注册]按钮
Wed, 14 Aug 2019 16:47:20-common.log-login_page.py-[line:34]-INFO-[日志信息]: 输入[用户名]13691579846
Wed, 14 Aug 2019 16:47:22-common.log-login_page.py-[line:43]-INFO-[日志信息]: 点击[下一步]按钮
Wed, 14 Aug 2019 16:47:23-common.log-login_page.py-[line:47]-INFO-[日志信息]: 输入[密码]xiaochao11520
Wed, 14 Aug 2019 16:47:25-common.log-login_page.py-[line:56]-INFO-[日志信息]: 点击[确定]按钮
Wed, 14 Aug 2019 16:47:26-common.log-user_page.py-[line:25]-INFO-[日志信息]: 点击[以后再说]按钮
Wed, 14 Aug 2019 16:47:28-common.log-home_page.py-[line:44]-INFO-[日志信息]: 点击[我要借款]按钮
Wed, 14 Aug 2019 16:47:28-common.log-loan_page.py-[line:62]-INFO-[日志信息]: 输入[投资金额]50000
Wed, 14 Aug 2019 16:47:31-common.log-loan_page.py-[line:66]-INFO-[日志信息]: 点击[下一步]按钮
Wed, 14 Aug 2019 16:47:33-common.log-loan_page.py-[line:114]-INFO-[日志信息]: 选择[借款期限]的一级选项按月
Wed, 14 Aug 2019 16:47:34-common.log-loan_page.py-[line:140]-INFO-[日志信息]: 按月-选择借款期限的二级选项2月
Wed, 14 Aug 2019 16:47:42-common.log-test_loan.py-[line:104]-INFO-[日志信息]: 执行测试用例结束
Wed, 14 Aug 2019 16:47:43-common.log-test_loan.py-[line:30]-INFO-[日志信息]: 开始执行测试用例
Wed, 14 Aug 2019 16:47:43-common.log-home_page.py-[line:24]-INFO-[日志信息]: 跳过欢迎页
Wed, 14 Aug 2019 16:47:48-common.log-home_page.py-[line:32]-INFO-[日志信息]: 点击[立即体验]按钮
Wed, 14 Aug 2019 16:47:49-common.log-login_page.py-[line:30]-INFO-[日志信息]: 点击[登录/注册]按钮
Wed, 14 Aug 2019 16:47:52-common.log-login_page.py-[line:34]-INFO-[日志信息]: 输入[用户名]13691579846
Wed, 14 Aug 2019 16:47:54-common.log-login_page.py-[line:43]-INFO-[日志信息]: 点击[下一步]按钮
Wed, 14 Aug 2019 16:47:55-common.log-login_page.py-[line:47]-INFO-[日志信息]: 输入[密码]xiaochao11520
Wed, 14 Aug 2019 16:47:57-common.log-login_page.py-[line:56]-INFO-[日志信息]: 点击[确定]按钮
Wed, 14 Aug 2019 16:47:57-common.log-user_page.py-[line:25]-INFO-[日志信息]: 点击[以后再说]按钮
Wed, 14 Aug 2019 16:47:59-common.log-home_page.py-[line:44]-INFO-[日志信息]: 点击[我要借款]按钮
Wed, 14 Aug 2019 16:47:59-common.log-loan_page.py-[line:62]-INFO-[日志信息]: 输入[投资金额]50000
Wed, 14 Aug 2019 16:48:02-common.log-loan_page.py-[line:66]-INFO-[日志信息]: 点击[下一步]按钮
Wed, 14 Aug 2019 16:48:04-common.log-loan_page.py-[line:114]-INFO-[日志信息]: 选择[借款期限]的一级选项按月
Wed, 14 Aug 2019 16:48:05-common.log-loan_page.py-[line:140]-INFO-[日志信息]: 按月-选择借款期限的二级选项2月
Wed, 14 Aug 2019 16:48:13-common.log-test_loan.py-[line:104]-INFO-[日志信息]: 执行测试用例结束
Wed, 14 Aug 2019 16:48:15-common.log-rootcase.py-[line:50]-INFO-[日志信息]: 执行测试类结束
Wed, 14 Aug 2019 16:48:15-common.log-rootcase.py-[line:35]-INFO-[日志信息]: 开始执行测试类
Wed, 14 Aug 2019 16:48:33-common.log-test_login.py-[line:33]-INFO-[日志信息]: 开始执行测试用例
Wed, 14 Aug 2019 16:48:33-common.log-home_page.py-[line:24]-INFO-[日志信息]: 跳过欢迎页
Wed, 14 Aug 2019 16:48:38-common.log-home_page.py-[line:32]-INFO-[日志信息]: 点击[立即体验]按钮
Wed, 14 Aug 2019 16:48:39-common.log-login_page.py-[line:30]-INFO-[日志信息]: 点击[登录/注册]按钮
Wed, 14 Aug 2019 16:48:41-common.log-login_page.py-[line:34]-INFO-[日志信息]: 输入[用户名]13691579846
Wed, 14 Aug 2019 16:48:44-common.log-login_page.py-[line:43]-INFO-[日志信息]: 点击[下一步]按钮
Wed, 14 Aug 2019 16:48:45-common.log-login_page.py-[line:47]-INFO-[日志信息]: 输入[密码]xiaochao11520
Wed, 14 Aug 2019 16:48:47-common.log-login_page.py-[line:56]-INFO-[日志信息]: 点击[确定]按钮
Wed, 14 Aug 2019 16:48:47-common.log-user_page.py-[line:25]-INFO-[日志信息]: 点击[以后再说]按钮
Wed, 14 Aug 2019 16:48:49-common.log-home_page.py-[line:28]-INFO-[日志信息]: 点击[我的]菜单
Wed, 14 Aug 2019 16:48:50-common.log-user_page.py-[line:21]-INFO-[日志信息]: 获取[账户]信息
Wed, 14 Aug 2019 16:48:51-common.log-test_login.py-[line:129]-INFO-[日志信息]: 测试用例:test_a_login_success->通过
Wed, 14 Aug 2019 16:48:57-common.log-test_login.py-[line:215]-INFO-[日志信息]: 测试用例执行结束
Wed, 14 Aug 2019 16:48:57-common.log-test_login.py-[line:33]-INFO-[日志信息]: 开始执行测试用例
Wed, 14 Aug 2019 16:48:57-common.log-home_page.py-[line:24]-INFO-[日志信息]: 跳过欢迎页
Wed, 14 Aug 2019 16:49:03-common.log-home_page.py-[line:32]-INFO-[日志信息]: 点击[立即体验]按钮
Wed, 14 Aug 2019 16:49:03-common.log-login_page.py-[line:30]-INFO-[日志信息]: 点击[登录/注册]按钮
Wed, 14 Aug 2019 16:49:06-common.log-login_page.py-[line:34]-INFO-[日志信息]: 输入[用户名]13691579846
Wed, 14 Aug 2019 16:49:10-common.log-login_page.py-[line:43]-INFO-[日志信息]: 点击[下一步]按钮
Wed, 14 Aug 2019 16:49:11-common.log-login_page.py-[line:47]-INFO-[日志信息]: 输入[密码]linux超
Wed, 14 Aug 2019 16:49:13-common.log-login_page.py-[line:56]-INFO-[日志信息]: 点击[确定]按钮
Wed, 14 Aug 2019 16:49:14-common.log-login_page.py-[line:61]-INFO-[日志信息]: 获取[错误密码]提示框信息
Wed, 14 Aug 2019 16:49:14-common.log-test_login.py-[line:101]-INFO-[日志信息]: 测试用例:test_login_password_error->通过
Wed, 14 Aug 2019 16:49:21-common.log-test_login.py-[line:215]-INFO-[日志信息]: 测试用例执行结束
Wed, 14 Aug 2019 16:49:21-common.log-test_login.py-[line:33]-INFO-[日志信息]: 开始执行测试用例
Wed, 14 Aug 2019 16:49:21-common.log-home_page.py-[line:24]-INFO-[日志信息]: 跳过欢迎页
Wed, 14 Aug 2019 16:49:27-common.log-home_page.py-[line:32]-INFO-[日志信息]: 点击[立即体验]按钮
Wed, 14 Aug 2019 16:49:27-common.log-login_page.py-[line:30]-INFO-[日志信息]: 点击[登录/注册]按钮
Wed, 14 Aug 2019 16:49:30-common.log-login_page.py-[line:34]-INFO-[日志信息]: 输入[用户名]13691579846
Wed, 14 Aug 2019 16:49:32-common.log-login_page.py-[line:43]-INFO-[日志信息]: 点击[下一步]按钮
Wed, 14 Aug 2019 16:49:33-common.log-login_page.py-[line:47]-INFO-[日志信息]: 输入[密码]
Wed, 14 Aug 2019 16:49:35-common.log-login_page.py-[line:56]-INFO-[日志信息]: 点击[确定]按钮
Wed, 14 Aug 2019 16:49:36-common.log-login_page.py-[line:71]-INFO-[日志信息]: 判断[确认]按钮是否存在
Wed, 14 Aug 2019 16:49:36-common.log-test_login.py-[line:114]-INFO-[日志信息]: 测试用例:test_login_password_null->通过
Wed, 14 Aug 2019 16:49:42-common.log-test_login.py-[line:215]-INFO-[日志信息]: 测试用例执行结束
Wed, 14 Aug 2019 16:49:42-common.log-test_login.py-[line:33]-INFO-[日志信息]: 开始执行测试用例
Wed, 14 Aug 2019 16:49:42-common.log-home_page.py-[line:24]-INFO-[日志信息]: 跳过欢迎页
Wed, 14 Aug 2019 16:49:48-common.log-home_page.py-[line:32]-INFO-[日志信息]: 点击[立即体验]按钮
Wed, 14 Aug 2019 16:49:49-common.log-login_page.py-[line:30]-INFO-[日志信息]: 点击[登录/注册]按钮
Wed, 14 Aug 2019 16:49:51-common.log-login_page.py-[line:34]-INFO-[日志信息]: 输入[用户名]12345678901
Wed, 14 Aug 2019 16:49:54-common.log-login_page.py-[line:43]-INFO-[日志信息]: 点击[下一步]按钮
Wed, 14 Aug 2019 16:49:55-common.log-login_page.py-[line:66]-INFO-[日志信息]: 获取[手机号]错误提示信息
Wed, 14 Aug 2019 16:49:56-common.log-base.py-[line:272]-ERROR-[日志信息]: get context of toast fail
Wed, 14 Aug 2019 16:50:03-common.log-test_login.py-[line:215]-INFO-[日志信息]: 测试用例执行结束
Wed, 14 Aug 2019 16:50:03-common.log-test_login.py-[line:33]-INFO-[日志信息]: 开始执行测试用例
Wed, 14 Aug 2019 16:50:03-common.log-home_page.py-[line:24]-INFO-[日志信息]: 跳过欢迎页
Wed, 14 Aug 2019 16:50:09-common.log-home_page.py-[line:32]-INFO-[日志信息]: 点击[立即体验]按钮
Wed, 14 Aug 2019 16:50:09-common.log-login_page.py-[line:30]-INFO-[日志信息]: 点击[登录/注册]按钮
Wed, 14 Aug 2019 16:50:12-common.log-login_page.py-[line:34]-INFO-[日志信息]: 输入[用户名]
Wed, 14 Aug 2019 16:50:14-common.log-login_page.py-[line:43]-INFO-[日志信息]: 点击[下一步]按钮
Wed, 14 Aug 2019 16:50:15-common.log-login_page.py-[line:39]-INFO-[日志信息]: 获取电话号码错误提示信息
Wed, 14 Aug 2019 16:50:15-common.log-test_login.py-[line:49]-INFO-[日志信息]: 测试用例:test_login_phone_incorrect->通过
Wed, 14 Aug 2019 16:50:21-common.log-test_login.py-[line:215]-INFO-[日志信息]: 测试用例执行结束
Wed, 14 Aug 2019 16:50:21-common.log-test_login.py-[line:33]-INFO-[日志信息]: 开始执行测试用例
Wed, 14 Aug 2019 16:50:21-common.log-home_page.py-[line:24]-INFO-[日志信息]: 跳过欢迎页
Wed, 14 Aug 2019 16:50:27-common.log-home_page.py-[line:32]-INFO-[日志信息]: 点击[立即体验]按钮
Wed, 14 Aug 2019 16:50:27-common.log-login_page.py-[line:30]-INFO-[日志信息]: 点击[登录/注册]按钮
Wed, 14 Aug 2019 16:50:30-common.log-login_page.py-[line:34]-INFO-[日志信息]: 输入[用户名]1369157984
Wed, 14 Aug 2019 16:50:32-common.log-login_page.py-[line:43]-INFO-[日志信息]: 点击[下一步]按钮
Wed, 14 Aug 2019 16:50:33-common.log-login_page.py-[line:39]-INFO-[日志信息]: 获取电话号码错误提示信息
Wed, 14 Aug 2019 16:50:34-common.log-test_login.py-[line:49]-INFO-[日志信息]: 测试用例:test_login_phone_incorrect->通过
Wed, 14 Aug 2019 16:50:40-common.log-test_login.py-[line:215]-INFO-[日志信息]: 测试用例执行结束
Wed, 14 Aug 2019 16:50:40-common.log-test_login.py-[line:33]-INFO-[日志信息]: 开始执行测试用例
Wed, 14 Aug 2019 16:50:40-common.log-home_page.py-[line:24]-INFO-[日志信息]: 跳过欢迎页
Wed, 14 Aug 2019 16:50:46-common.log-home_page.py-[line:32]-INFO-[日志信息]: 点击[立即体验]按钮
Wed, 14 Aug 2019 16:50:46-common.log-login_page.py-[line:30]-INFO-[日志信息]: 点击[登录/注册]按钮
Wed, 14 Aug 2019 16:50:49-common.log-login_page.py-[line:34]-INFO-[日志信息]: 输入[用户名]13691579846
Wed, 14 Aug 2019 16:50:52-common.log-login_page.py-[line:43]-INFO-[日志信息]: 点击[下一步]按钮
Wed, 14 Aug 2019 16:50:52-common.log-login_page.py-[line:52]-INFO-[日志信息]: 获取[密码]输入框信息
Wed, 14 Aug 2019 16:50:53-common.log-test_login.py-[line:75]-INFO-[日志信息]: 测试用例:test_login_phone_registered->通过
Wed, 14 Aug 2019 16:51:00-common.log-test_login.py-[line:215]-INFO-[日志信息]: 测试用例执行结束
Wed, 14 Aug 2019 16:51:00-common.log-test_login.py-[line:33]-INFO-[日志信息]: 开始执行测试用例
Wed, 14 Aug 2019 16:51:00-common.log-home_page.py-[line:24]-INFO-[日志信息]: 跳过欢迎页
Wed, 14 Aug 2019 16:51:06-common.log-home_page.py-[line:32]-INFO-[日志信息]: 点击[立即体验]按钮
Wed, 14 Aug 2019 16:51:06-common.log-login_page.py-[line:30]-INFO-[日志信息]: 点击[登录/注册]按钮
Wed, 14 Aug 2019 16:51:09-common.log-login_page.py-[line:34]-INFO-[日志信息]: 输入[用户名]12012345678
Wed, 14 Aug 2019 16:51:12-common.log-login_page.py-[line:43]-INFO-[日志信息]: 点击[下一步]按钮
Wed, 14 Aug 2019 16:51:12-common.log-register_page.py-[line:32]-INFO-[日志信息]: 获取[注册]按钮文本信息
Wed, 14 Aug 2019 16:51:14-common.log-test_login.py-[line:88]-INFO-[日志信息]: 测试用例:test_login_phone_unregister->通过
Wed, 14 Aug 2019 16:51:20-common.log-test_login.py-[line:215]-INFO-[日志信息]: 测试用例执行结束
Wed, 14 Aug 2019 16:51:20-common.log-test_login.py-[line:33]-INFO-[日志信息]: 开始执行测试用例
Wed, 14 Aug 2019 16:51:20-common.log-home_page.py-[line:24]-INFO-[日志信息]: 跳过欢迎页
Wed, 14 Aug 2019 16:51:26-common.log-home_page.py-[line:32]-INFO-[日志信息]: 点击[立即体验]按钮
Wed, 14 Aug 2019 16:51:26-common.log-home_page.py-[line:28]-INFO-[日志信息]: 点击[我的]菜单
Wed, 14 Aug 2019 16:51:28-common.log-login_page.py-[line:34]-INFO-[日志信息]: 输入[用户名]13691579846
Wed, 14 Aug 2019 16:51:31-common.log-login_page.py-[line:43]-INFO-[日志信息]: 点击[下一步]按钮
Wed, 14 Aug 2019 16:51:32-common.log-login_page.py-[line:47]-INFO-[日志信息]: 输入[密码]xiaochao11520
Wed, 14 Aug 2019 16:51:34-common.log-login_page.py-[line:56]-INFO-[日志信息]: 点击[确定]按钮
Wed, 14 Aug 2019 16:51:34-common.log-user_page.py-[line:25]-INFO-[日志信息]: 点击[以后再说]按钮
Wed, 14 Aug 2019 16:51:36-common.log-user_page.py-[line:21]-INFO-[日志信息]: 获取[账户]信息
Wed, 14 Aug 2019 16:51:37-common.log-test_login.py-[line:210]-INFO-[日志信息]: 测试用例:test_myself_login_success->通过
Wed, 14 Aug 2019 16:51:43-common.log-test_login.py-[line:215]-INFO-[日志信息]: 测试用例执行结束
Wed, 14 Aug 2019 16:51:43-common.log-test_login.py-[line:33]-INFO-[日志信息]: 开始执行测试用例
Wed, 14 Aug 2019 16:51:43-common.log-home_page.py-[line:24]-INFO-[日志信息]: 跳过欢迎页
Wed, 14 Aug 2019 16:51:48-common.log-home_page.py-[line:32]-INFO-[日志信息]: 点击[立即体验]按钮
Wed, 14 Aug 2019 16:51:49-common.log-home_page.py-[line:28]-INFO-[日志信息]: 点击[我的]菜单
Wed, 14 Aug 2019 16:51:51-common.log-login_page.py-[line:34]-INFO-[日志信息]: 输入[用户名]13691579846
Wed, 14 Aug 2019 16:51:54-common.log-login_page.py-[line:43]-INFO-[日志信息]: 点击[下一步]按钮
Wed, 14 Aug 2019 16:51:54-common.log-login_page.py-[line:47]-INFO-[日志信息]: 输入[密码]linux超
Wed, 14 Aug 2019 16:51:56-common.log-login_page.py-[line:56]-INFO-[日志信息]: 点击[确定]按钮
Wed, 14 Aug 2019 16:51:57-common.log-login_page.py-[line:61]-INFO-[日志信息]: 获取[错误密码]提示框信息
Wed, 14 Aug 2019 16:51:58-common.log-test_login.py-[line:196]-INFO-[日志信息]: 测试用例:test_myself_password_error->通过
Wed, 14 Aug 2019 16:52:04-common.log-test_login.py-[line:215]-INFO-[日志信息]: 测试用例执行结束
Wed, 14 Aug 2019 16:52:04-common.log-test_login.py-[line:33]-INFO-[日志信息]: 开始执行测试用例
Wed, 14 Aug 2019 16:52:04-common.log-home_page.py-[line:24]-INFO-[日志信息]: 跳过欢迎页
Wed, 14 Aug 2019 16:52:10-common.log-home_page.py-[line:32]-INFO-[日志信息]: 点击[立即体验]按钮
Wed, 14 Aug 2019 16:52:10-common.log-home_page.py-[line:28]-INFO-[日志信息]: 点击[我的]菜单
Wed, 14 Aug 2019 16:52:12-common.log-login_page.py-[line:34]-INFO-[日志信息]: 输入[用户名]12345678901
Wed, 14 Aug 2019 16:52:15-common.log-login_page.py-[line:43]-INFO-[日志信息]: 点击[下一步]按钮
Wed, 14 Aug 2019 16:52:15-common.log-login_page.py-[line:66]-INFO-[日志信息]: 获取[手机号]错误提示信息
Wed, 14 Aug 2019 16:52:17-common.log-base.py-[line:272]-ERROR-[日志信息]: get context of toast fail
Wed, 14 Aug 2019 16:52:23-common.log-test_login.py-[line:215]-INFO-[日志信息]: 测试用例执行结束
Wed, 14 Aug 2019 16:52:23-common.log-test_login.py-[line:33]-INFO-[日志信息]: 开始执行测试用例
Wed, 14 Aug 2019 16:52:23-common.log-home_page.py-[line:24]-INFO-[日志信息]: 跳过欢迎页
Wed, 14 Aug 2019 16:52:29-common.log-home_page.py-[line:32]-INFO-[日志信息]: 点击[立即体验]按钮
Wed, 14 Aug 2019 16:52:29-common.log-home_page.py-[line:28]-INFO-[日志信息]: 点击[我的]菜单
Wed, 14 Aug 2019 16:52:32-common.log-login_page.py-[line:34]-INFO-[日志信息]: 输入[用户名]
Wed, 14 Aug 2019 16:52:34-common.log-login_page.py-[line:43]-INFO-[日志信息]: 点击[下一步]按钮
Wed, 14 Aug 2019 16:52:35-common.log-login_page.py-[line:39]-INFO-[日志信息]: 获取电话号码错误提示信息
Wed, 14 Aug 2019 16:52:36-common.log-test_login.py-[line:143]-INFO-[日志信息]: 测试用例:test_myself_phone_incorrect->通过
Wed, 14 Aug 2019 16:52:42-common.log-test_login.py-[line:215]-INFO-[日志信息]: 测试用例执行结束
Wed, 14 Aug 2019 16:52:42-common.log-test_login.py-[line:33]-INFO-[日志信息]: 开始执行测试用例
Wed, 14 Aug 2019 16:52:42-common.log-home_page.py-[line:24]-INFO-[日志信息]: 跳过欢迎页
Wed, 14 Aug 2019 16:52:48-common.log-home_page.py-[line:32]-INFO-[日志信息]: 点击[立即体验]按钮
Wed, 14 Aug 2019 16:52:48-common.log-home_page.py-[line:28]-INFO-[日志信息]: 点击[我的]菜单
Wed, 14 Aug 2019 16:52:50-common.log-login_page.py-[line:34]-INFO-[日志信息]: 输入[用户名]1369157984
Wed, 14 Aug 2019 16:52:53-common.log-login_page.py-[line:43]-INFO-[日志信息]: 点击[下一步]按钮
Wed, 14 Aug 2019 16:52:54-common.log-login_page.py-[line:39]-INFO-[日志信息]: 获取电话号码错误提示信息
Wed, 14 Aug 2019 16:52:55-common.log-test_login.py-[line:143]-INFO-[日志信息]: 测试用例:test_myself_phone_incorrect->通过
Wed, 14 Aug 2019 16:53:01-common.log-test_login.py-[line:215]-INFO-[日志信息]: 测试用例执行结束
Wed, 14 Aug 2019 16:53:01-common.log-test_login.py-[line:33]-INFO-[日志信息]: 开始执行测试用例
Wed, 14 Aug 2019 16:53:01-common.log-home_page.py-[line:24]-INFO-[日志信息]: 跳过欢迎页
Wed, 14 Aug 2019 16:53:07-common.log-home_page.py-[line:32]-INFO-[日志信息]: 点击[立即体验]按钮
Wed, 14 Aug 2019 16:53:07-common.log-home_page.py-[line:28]-INFO-[日志信息]: 点击[我的]菜单
Wed, 14 Aug 2019 16:53:10-common.log-login_page.py-[line:34]-INFO-[日志信息]: 输入[用户名]13691579846
Wed, 14 Aug 2019 16:53:12-common.log-login_page.py-[line:43]-INFO-[日志信息]: 点击[下一步]按钮
Wed, 14 Aug 2019 16:53:13-common.log-login_page.py-[line:52]-INFO-[日志信息]: 获取[密码]输入框信息
Wed, 14 Aug 2019 16:53:14-common.log-test_login.py-[line:170]-INFO-[日志信息]: 测试用例:test_myself_phone_registered->通过
Wed, 14 Aug 2019 16:53:21-common.log-test_login.py-[line:215]-INFO-[日志信息]: 测试用例执行结束
Wed, 14 Aug 2019 16:53:21-common.log-test_login.py-[line:33]-INFO-[日志信息]: 开始执行测试用例
Wed, 14 Aug 2019 16:53:21-common.log-home_page.py-[line:24]-INFO-[日志信息]: 跳过欢迎页
Wed, 14 Aug 2019 16:53:26-common.log-home_page.py-[line:32]-INFO-[日志信息]: 点击[立即体验]按钮
Wed, 14 Aug 2019 16:53:27-common.log-home_page.py-[line:28]-INFO-[日志信息]: 点击[我的]菜单
Wed, 14 Aug 2019 16:53:29-common.log-login_page.py-[line:34]-INFO-[日志信息]: 输入[用户名]12012345678
Wed, 14 Aug 2019 16:53:32-common.log-login_page.py-[line:43]-INFO-[日志信息]: 点击[下一步]按钮
Wed, 14 Aug 2019 16:53:32-common.log-register_page.py-[line:32]-INFO-[日志信息]: 获取[注册]按钮文本信息
Wed, 14 Aug 2019 16:53:34-common.log-test_login.py-[line:183]-INFO-[日志信息]: 测试用例:test_myself_phone_unregister->通过
Wed, 14 Aug 2019 16:53:40-common.log-test_login.py-[line:215]-INFO-[日志信息]: 测试用例执行结束
Wed, 14 Aug 2019 16:53:42-common.log-rootcase.py-[line:50]-INFO-[日志信息]: 执行测试类结束
Wed, 14 Aug 2019 16:53:42-common.log-rootcase.py-[line:35]-INFO-[日志信息]: 开始执行测试类
Wed, 14 Aug 2019 16:54:00-common.log-test_register.py-[line:29]-INFO-[日志信息]: 开始执行测试用例
Wed, 14 Aug 2019 16:54:00-common.log-home_page.py-[line:24]-INFO-[日志信息]: 跳过欢迎页
Wed, 14 Aug 2019 16:54:06-common.log-home_page.py-[line:32]-INFO-[日志信息]: 点击[立即体验]按钮
Wed, 14 Aug 2019 16:54:06-common.log-login_page.py-[line:30]-INFO-[日志信息]: 点击[登录/注册]按钮
Wed, 14 Aug 2019 16:54:09-common.log-login_page.py-[line:34]-INFO-[日志信息]: 输入[用户名]13274517393
Wed, 14 Aug 2019 16:54:11-common.log-login_page.py-[line:43]-INFO-[日志信息]: 点击[下一步]按钮
Wed, 14 Aug 2019 16:54:11-common.log-register_page.py-[line:40]-INFO-[日志信息]: 输入[登录密码]linuxxiaochao123
Wed, 14 Aug 2019 16:54:15-common.log-register_page.py-[line:44]-INFO-[日志信息]: 输入[确认密码]linuxxiaochao123
Wed, 14 Aug 2019 16:54:17-common.log-register_page.py-[line:48]-INFO-[日志信息]: 点击[我已阅读并同意]按钮
Wed, 14 Aug 2019 16:54:18-common.log-register_page.py-[line:52]-INFO-[日志信息]: 点击[注册]按钮
Wed, 14 Aug 2019 16:54:19-common.log-register_page.py-[line:57]-INFO-[日志信息]: 获取注册失败的提示信息
Wed, 14 Aug 2019 16:54:20-common.log-test_register.py-[line:48]-INFO-[日志信息]: 测试用例:test_register_fail_1->通过
Wed, 14 Aug 2019 16:54:26-common.log-test_register.py-[line:69]-INFO-[日志信息]: 测试用例执行结束
Wed, 14 Aug 2019 16:54:26-common.log-test_register.py-[line:29]-INFO-[日志信息]: 开始执行测试用例
Wed, 14 Aug 2019 16:54:26-common.log-home_page.py-[line:24]-INFO-[日志信息]: 跳过欢迎页
Wed, 14 Aug 2019 16:54:32-common.log-home_page.py-[line:32]-INFO-[日志信息]: 点击[立即体验]按钮
Wed, 14 Aug 2019 16:54:32-common.log-login_page.py-[line:30]-INFO-[日志信息]: 点击[登录/注册]按钮
Wed, 14 Aug 2019 16:54:35-common.log-login_page.py-[line:34]-INFO-[日志信息]: 输入[用户名]13274517393
Wed, 14 Aug 2019 16:54:38-common.log-login_page.py-[line:43]-INFO-[日志信息]: 点击[下一步]按钮
Wed, 14 Aug 2019 16:54:38-common.log-register_page.py-[line:36]-INFO-[日志信息]: 输入[验证码]1234561
Wed, 14 Aug 2019 16:54:41-common.log-register_page.py-[line:44]-INFO-[日志信息]: 输入[确认密码]linuxxiaochao123
Wed, 14 Aug 2019 16:54:42-common.log-register_page.py-[line:48]-INFO-[日志信息]: 点击[我已阅读并同意]按钮
Wed, 14 Aug 2019 16:54:43-common.log-register_page.py-[line:52]-INFO-[日志信息]: 点击[注册]按钮
Wed, 14 Aug 2019 16:54:43-common.log-register_page.py-[line:57]-INFO-[日志信息]: 获取注册失败的提示信息
Wed, 14 Aug 2019 16:54:44-common.log-test_register.py-[line:48]-INFO-[日志信息]: 测试用例:test_register_fail_1->通过
Wed, 14 Aug 2019 16:54:50-common.log-test_register.py-[line:69]-INFO-[日志信息]: 测试用例执行结束
Wed, 14 Aug 2019 16:54:50-common.log-test_register.py-[line:29]-INFO-[日志信息]: 开始执行测试用例
Wed, 14 Aug 2019 16:54:50-common.log-home_page.py-[line:24]-INFO-[日志信息]: 跳过欢迎页
Wed, 14 Aug 2019 16:54:56-common.log-home_page.py-[line:32]-INFO-[日志信息]: 点击[立即体验]按钮
Wed, 14 Aug 2019 16:54:57-common.log-login_page.py-[line:30]-INFO-[日志信息]: 点击[登录/注册]按钮
Wed, 14 Aug 2019 16:55:00-common.log-login_page.py-[line:34]-INFO-[日志信息]: 输入[用户名]13274517393
Wed, 14 Aug 2019 16:55:02-common.log-login_page.py-[line:43]-INFO-[日志信息]: 点击[下一步]按钮
Wed, 14 Aug 2019 16:55:03-common.log-register_page.py-[line:36]-INFO-[日志信息]: 输入[验证码]1234562
Wed, 14 Aug 2019 16:55:06-common.log-register_page.py-[line:40]-INFO-[日志信息]: 输入[登录密码]linuxxiaochao123
Wed, 14 Aug 2019 16:55:07-common.log-register_page.py-[line:48]-INFO-[日志信息]: 点击[我已阅读并同意]按钮
Wed, 14 Aug 2019 16:55:07-common.log-register_page.py-[line:52]-INFO-[日志信息]: 点击[注册]按钮
Wed, 14 Aug 2019 16:55:08-common.log-register_page.py-[line:57]-INFO-[日志信息]: 获取注册失败的提示信息
Wed, 14 Aug 2019 16:55:09-common.log-test_register.py-[line:48]-INFO-[日志信息]: 测试用例:test_register_fail_1->通过
Wed, 14 Aug 2019 16:55:15-common.log-test_register.py-[line:69]-INFO-[日志信息]: 测试用例执行结束
Wed, 14 Aug 2019 16:55:15-common.log-test_register.py-[line:29]-INFO-[日志信息]: 开始执行测试用例
Wed, 14 Aug 2019 16:55:15-common.log-home_page.py-[line:24]-INFO-[日志信息]: 跳过欢迎页
Wed, 14 Aug 2019 16:55:21-common.log-home_page.py-[line:32]-INFO-[日志信息]: 点击[立即体验]按钮
Wed, 14 Aug 2019 16:55:21-common.log-login_page.py-[line:30]-INFO-[日志信息]: 点击[登录/注册]按钮
Wed, 14 Aug 2019 16:55:24-common.log-login_page.py-[line:34]-INFO-[日志信息]: 输入[用户名]13274517393
Wed, 14 Aug 2019 16:55:27-common.log-login_page.py-[line:43]-INFO-[日志信息]: 点击[下一步]按钮
Wed, 14 Aug 2019 16:55:28-common.log-register_page.py-[line:52]-INFO-[日志信息]: 点击[注册]按钮
Wed, 14 Aug 2019 16:55:30-common.log-register_page.py-[line:57]-INFO-[日志信息]: 获取注册失败的提示信息
Wed, 14 Aug 2019 16:55:31-common.log-test_register.py-[line:48]-INFO-[日志信息]: 测试用例:test_register_fail_1->通过
Wed, 14 Aug 2019 16:55:37-common.log-test_register.py-[line:69]-INFO-[日志信息]: 测试用例执行结束
Wed, 14 Aug 2019 16:55:37-common.log-test_register.py-[line:29]-INFO-[日志信息]: 开始执行测试用例
Wed, 14 Aug 2019 16:55:37-common.log-home_page.py-[line:24]-INFO-[日志信息]: 跳过欢迎页
Wed, 14 Aug 2019 16:55:43-common.log-home_page.py-[line:32]-INFO-[日志信息]: 点击[立即体验]按钮
Wed, 14 Aug 2019 16:55:43-common.log-login_page.py-[line:30]-INFO-[日志信息]: 点击[登录/注册]按钮
Wed, 14 Aug 2019 16:55:46-common.log-login_page.py-[line:34]-INFO-[日志信息]: 输入[用户名]13274517393
Wed, 14 Aug 2019 16:55:49-common.log-login_page.py-[line:43]-INFO-[日志信息]: 点击[下一步]按钮
Wed, 14 Aug 2019 16:55:49-common.log-register_page.py-[line:36]-INFO-[日志信息]: 输入[验证码]123451
Wed, 14 Aug 2019 16:55:52-common.log-register_page.py-[line:40]-INFO-[日志信息]: 输入[登录密码]linuxxiaochao
Wed, 14 Aug 2019 16:55:53-common.log-register_page.py-[line:44]-INFO-[日志信息]: 输入[确认密码]linuxxiaochao
Wed, 14 Aug 2019 16:55:54-common.log-register_page.py-[line:48]-INFO-[日志信息]: 点击[我已阅读并同意]按钮
Wed, 14 Aug 2019 16:55:55-common.log-register_page.py-[line:52]-INFO-[日志信息]: 点击[注册]按钮
Wed, 14 Aug 2019 16:55:55-common.log-register_page.py-[line:62]-INFO-[日志信息]: 获取注册失败的toast信息
Wed, 14 Aug 2019 16:56:25-common.log-base.py-[line:176]-ERROR-[日志信息]: the element //*[@text='验证码错误或已过期'] not presence
Wed, 14 Aug 2019 16:56:31-common.log-test_register.py-[line:69]-INFO-[日志信息]: 测试用例执行结束
Wed, 14 Aug 2019 16:56:31-common.log-test_register.py-[line:29]-INFO-[日志信息]: 开始执行测试用例
Wed, 14 Aug 2019 16:56:31-common.log-home_page.py-[line:24]-INFO-[日志信息]: 跳过欢迎页
Wed, 14 Aug 2019 16:56:37-common.log-home_page.py-[line:32]-INFO-[日志信息]: 点击[立即体验]按钮
Wed, 14 Aug 2019 16:56:37-common.log-login_page.py-[line:30]-INFO-[日志信息]: 点击[登录/注册]按钮
Wed, 14 Aug 2019 16:56:40-common.log-login_page.py-[line:34]-INFO-[日志信息]: 输入[用户名]13274517393
Wed, 14 Aug 2019 16:56:42-common.log-login_page.py-[line:43]-INFO-[日志信息]: 点击[下一步]按钮
Wed, 14 Aug 2019 16:56:43-common.log-register_page.py-[line:36]-INFO-[日志信息]: 输入[验证码]123452
Wed, 14 Aug 2019 16:56:47-common.log-register_page.py-[line:40]-INFO-[日志信息]: 输入[登录密码]linuxxiaochao123
Wed, 14 Aug 2019 16:56:49-common.log-register_page.py-[line:44]-INFO-[日志信息]: 输入[确认密码]linuxxiaochao123
Wed, 14 Aug 2019 16:56:51-common.log-register_page.py-[line:52]-INFO-[日志信息]: 点击[注册]按钮
Wed, 14 Aug 2019 16:56:52-common.log-register_page.py-[line:62]-INFO-[日志信息]: 获取注册失败的toast信息
Wed, 14 Aug 2019 16:57:22-common.log-base.py-[line:176]-ERROR-[日志信息]: the element //*[@text='验证码错误或已过期'] not presence
Wed, 14 Aug 2019 16:57:28-common.log-test_register.py-[line:69]-INFO-[日志信息]: 测试用例执行结束
Wed, 14 Aug 2019 16:57:28-common.log-test_register.py-[line:29]-INFO-[日志信息]: 开始执行测试用例
Wed, 14 Aug 2019 16:57:28-common.log-home_page.py-[line:24]-INFO-[日志信息]: 跳过欢迎页
Wed, 14 Aug 2019 16:57:34-common.log-home_page.py-[line:32]-INFO-[日志信息]: 点击[立即体验]按钮
Wed, 14 Aug 2019 16:57:35-common.log-login_page.py-[line:30]-INFO-[日志信息]: 点击[登录/注册]按钮
Wed, 14 Aug 2019 16:57:38-common.log-login_page.py-[line:34]-INFO-[日志信息]: 输入[用户名]13274517393
Wed, 14 Aug 2019 16:57:40-common.log-login_page.py-[line:43]-INFO-[日志信息]: 点击[下一步]按钮
Wed, 14 Aug 2019 16:57:40-common.log-register_page.py-[line:36]-INFO-[日志信息]: 输入[验证码]123453
Wed, 14 Aug 2019 16:57:44-common.log-register_page.py-[line:40]-INFO-[日志信息]: 输入[登录密码]linuxxiaochao
Wed, 14 Aug 2019 16:57:45-common.log-register_page.py-[line:44]-INFO-[日志信息]: 输入[确认密码]linuxxiaochao
Wed, 14 Aug 2019 16:57:46-common.log-register_page.py-[line:48]-INFO-[日志信息]: 点击[我已阅读并同意]按钮
Wed, 14 Aug 2019 16:57:46-common.log-register_page.py-[line:52]-INFO-[日志信息]: 点击[注册]按钮
Wed, 14 Aug 2019 16:57:47-common.log-register_page.py-[line:62]-INFO-[日志信息]: 获取注册失败的toast信息
Wed, 14 Aug 2019 16:58:17-common.log-base.py-[line:176]-ERROR-[日志信息]: the element //*[@text='验证码错误或已过期'] not presence
Wed, 14 Aug 2019 16:58:23-common.log-test_register.py-[line:69]-INFO-[日志信息]: 测试用例执行结束
Wed, 14 Aug 2019 16:58:26-common.log-rootcase.py-[line:50]-INFO-[日志信息]: 执行测试类结束
Wed, 14 Aug 2019 16:58:26-common.log-run.py-[line:53]-INFO-[日志信息]: 生成测试报告D:\AppAutoTest\report\2019_08_14_16_39_56report.html
Wed, 14 Aug 2019 17:01:38-common.log-rootcase.py-[line:35]-INFO-[日志信息]: 开始执行测试类
Wed, 14 Aug 2019 17:01:57-common.log-test_login.py-[line:33]-INFO-[日志信息]: 开始执行测试用例
Wed, 14 Aug 2019 17:01:57-common.log-home_page.py-[line:24]-INFO-[日志信息]: 跳过欢迎页
Wed, 14 Aug 2019 17:02:03-common.log-home_page.py-[line:32]-INFO-[日志信息]: 点击[立即体验]按钮
Wed, 14 Aug 2019 17:02:03-common.log-login_page.py-[line:30]-INFO-[日志信息]: 点击[登录/注册]按钮
Wed, 14 Aug 2019 17:02:06-common.log-login_page.py-[line:34]-INFO-[日志信息]: 输入[用户名]13691579846
Wed, 14 Aug 2019 17:02:08-common.log-login_page.py-[line:43]-INFO-[日志信息]: 点击[下一步]按钮
Wed, 14 Aug 2019 17:02:09-common.log-login_page.py-[line:47]-INFO-[日志信息]: 输入[密码]xiaochao11520
Wed, 14 Aug 2019 17:02:11-common.log-login_page.py-[line:56]-INFO-[日志信息]: 点击[确定]按钮
Wed, 14 Aug 2019 17:02:12-common.log-user_page.py-[line:25]-INFO-[日志信息]: 点击[以后再说]按钮
Wed, 14 Aug 2019 17:02:14-common.log-home_page.py-[line:28]-INFO-[日志信息]: 点击[我的]菜单
Wed, 14 Aug 2019 17:02:15-common.log-user_page.py-[line:21]-INFO-[日志信息]: 获取[账户]信息
Wed, 14 Aug 2019 17:02:16-common.log-test_login.py-[line:129]-INFO-[日志信息]: 测试用例:test_a_login_success->通过
Wed, 14 Aug 2019 17:02:22-common.log-test_login.py-[line:215]-INFO-[日志信息]: 测试用例执行结束
Wed, 14 Aug 2019 17:02:22-common.log-test_login.py-[line:33]-INFO-[日志信息]: 开始执行测试用例
Wed, 14 Aug 2019 17:02:22-common.log-home_page.py-[line:24]-INFO-[日志信息]: 跳过欢迎页
Wed, 14 Aug 2019 17:02:28-common.log-home_page.py-[line:32]-INFO-[日志信息]: 点击[立即体验]按钮
Wed, 14 Aug 2019 17:02:28-common.log-login_page.py-[line:30]-INFO-[日志信息]: 点击[登录/注册]按钮
Wed, 14 Aug 2019 17:02:31-common.log-login_page.py-[line:34]-INFO-[日志信息]: 输入[用户名]13691579846
Wed, 14 Aug 2019 17:02:33-common.log-login_page.py-[line:43]-INFO-[日志信息]: 点击[下一步]按钮
Wed, 14 Aug 2019 17:02:34-common.log-login_page.py-[line:47]-INFO-[日志信息]: 输入[密码]linux超
Wed, 14 Aug 2019 17:02:36-common.log-login_page.py-[line:56]-INFO-[日志信息]: 点击[确定]按钮
Wed, 14 Aug 2019 17:02:37-common.log-login_page.py-[line:61]-INFO-[日志信息]: 获取[错误密码]提示框信息
Wed, 14 Aug 2019 17:02:38-common.log-test_login.py-[line:101]-INFO-[日志信息]: 测试用例:test_login_password_error->通过
Wed, 14 Aug 2019 17:02:43-common.log-test_login.py-[line:215]-INFO-[日志信息]: 测试用例执行结束
Wed, 14 Aug 2019 17:02:43-common.log-test_login.py-[line:33]-INFO-[日志信息]: 开始执行测试用例
Wed, 14 Aug 2019 17:02:43-common.log-home_page.py-[line:24]-INFO-[日志信息]: 跳过欢迎页
Wed, 14 Aug 2019 17:02:49-common.log-home_page.py-[line:32]-INFO-[日志信息]: 点击[立即体验]按钮
Wed, 14 Aug 2019 17:02:50-common.log-login_page.py-[line:30]-INFO-[日志信息]: 点击[登录/注册]按钮
Wed, 14 Aug 2019 17:02:52-common.log-login_page.py-[line:34]-INFO-[日志信息]: 输入[用户名]13691579846
Wed, 14 Aug 2019 17:02:55-common.log-login_page.py-[line:43]-INFO-[日志信息]: 点击[下一步]按钮
Wed, 14 Aug 2019 17:02:55-common.log-login_page.py-[line:47]-INFO-[日志信息]: 输入[密码]
Wed, 14 Aug 2019 17:02:57-common.log-login_page.py-[line:56]-INFO-[日志信息]: 点击[确定]按钮
Wed, 14 Aug 2019 17:02:58-common.log-login_page.py-[line:71]-INFO-[日志信息]: 判断[确认]按钮是否存在
Wed, 14 Aug 2019 17:02:59-common.log-test_login.py-[line:114]-INFO-[日志信息]: 测试用例:test_login_password_null->通过
Wed, 14 Aug 2019 17:03:05-common.log-test_login.py-[line:215]-INFO-[日志信息]: 测试用例执行结束
Wed, 14 Aug 2019 17:03:05-common.log-test_login.py-[line:33]-INFO-[日志信息]: 开始执行测试用例
Wed, 14 Aug 2019 17:03:05-common.log-home_page.py-[line:24]-INFO-[日志信息]: 跳过欢迎页
Wed, 14 Aug 2019 17:03:11-common.log-home_page.py-[line:32]-INFO-[日志信息]: 点击[立即体验]按钮
Wed, 14 Aug 2019 17:03:11-common.log-login_page.py-[line:30]-INFO-[日志信息]: 点击[登录/注册]按钮
Wed, 14 Aug 2019 17:03:14-common.log-login_page.py-[line:34]-INFO-[日志信息]: 输入[用户名]12345678901
Wed, 14 Aug 2019 17:03:16-common.log-login_page.py-[line:43]-INFO-[日志信息]: 点击[下一步]按钮
Wed, 14 Aug 2019 17:03:16-common.log-login_page.py-[line:66]-INFO-[日志信息]: 获取[手机号]错误提示信息
Wed, 14 Aug 2019 17:03:18-common.log-test_login.py-[line:62]-INFO-[日志信息]: 测试用例:test_login_phone_format_incorrect->通过
Wed, 14 Aug 2019 17:03:24-common.log-test_login.py-[line:215]-INFO-[日志信息]: 测试用例执行结束
Wed, 14 Aug 2019 17:03:24-common.log-test_login.py-[line:33]-INFO-[日志信息]: 开始执行测试用例
Wed, 14 Aug 2019 17:03:24-common.log-home_page.py-[line:24]-INFO-[日志信息]: 跳过欢迎页
Wed, 14 Aug 2019 17:03:30-common.log-home_page.py-[line:32]-INFO-[日志信息]: 点击[立即体验]按钮
Wed, 14 Aug 2019 17:03:30-common.log-login_page.py-[line:30]-INFO-[日志信息]: 点击[登录/注册]按钮
Wed, 14 Aug 2019 17:03:33-common.log-login_page.py-[line:34]-INFO-[日志信息]: 输入[用户名]
Wed, 14 Aug 2019 17:03:35-common.log-login_page.py-[line:43]-INFO-[日志信息]: 点击[下一步]按钮
Wed, 14 Aug 2019 17:03:35-common.log-login_page.py-[line:39]-INFO-[日志信息]: 获取电话号码错误提示信息
Wed, 14 Aug 2019 17:03:37-common.log-test_login.py-[line:49]-INFO-[日志信息]: 测试用例:test_login_phone_incorrect->通过
Wed, 14 Aug 2019 17:03:43-common.log-test_login.py-[line:215]-INFO-[日志信息]: 测试用例执行结束
Wed, 14 Aug 2019 17:03:43-common.log-test_login.py-[line:33]-INFO-[日志信息]: 开始执行测试用例
Wed, 14 Aug 2019 17:03:43-common.log-home_page.py-[line:24]-INFO-[日志信息]: 跳过欢迎页
Wed, 14 Aug 2019 17:03:48-common.log-home_page.py-[line:32]-INFO-[日志信息]: 点击[立即体验]按钮
Wed, 14 Aug 2019 17:03:49-common.log-login_page.py-[line:30]-INFO-[日志信息]: 点击[登录/注册]按钮
Wed, 14 Aug 2019 17:03:51-common.log-login_page.py-[line:34]-INFO-[日志信息]: 输入[用户名]1369157984
Wed, 14 Aug 2019 17:03:54-common.log-login_page.py-[line:43]-INFO-[日志信息]: 点击[下一步]按钮
Wed, 14 Aug 2019 17:03:55-common.log-login_page.py-[line:39]-INFO-[日志信息]: 获取电话号码错误提示信息
Wed, 14 Aug 2019 17:03:56-common.log-test_login.py-[line:49]-INFO-[日志信息]: 测试用例:test_login_phone_incorrect->通过
Wed, 14 Aug 2019 17:04:02-common.log-test_login.py-[line:215]-INFO-[日志信息]: 测试用例执行结束
Wed, 14 Aug 2019 17:04:02-common.log-test_login.py-[line:33]-INFO-[日志信息]: 开始执行测试用例
Wed, 14 Aug 2019 17:04:02-common.log-home_page.py-[line:24]-INFO-[日志信息]: 跳过欢迎页
Wed, 14 Aug 2019 17:04:08-common.log-home_page.py-[line:32]-INFO-[日志信息]: 点击[立即体验]按钮
Wed, 14 Aug 2019 17:04:08-common.log-login_page.py-[line:30]-INFO-[日志信息]: 点击[登录/注册]按钮
Wed, 14 Aug 2019 17:04:11-common.log-login_page.py-[line:34]-INFO-[日志信息]: 输入[用户名]13691579846
Wed, 14 Aug 2019 17:04:14-common.log-login_page.py-[line:43]-INFO-[日志信息]: 点击[下一步]按钮
Wed, 14 Aug 2019 17:04:14-common.log-login_page.py-[line:52]-INFO-[日志信息]: 获取[密码]输入框信息
Wed, 14 Aug 2019 17:04:15-common.log-test_login.py-[line:75]-INFO-[日志信息]: 测试用例:test_login_phone_registered->通过
Wed, 14 Aug 2019 17:04:22-common.log-test_login.py-[line:215]-INFO-[日志信息]: 测试用例执行结束
Wed, 14 Aug 2019 17:04:22-common.log-test_login.py-[line:33]-INFO-[日志信息]: 开始执行测试用例
Wed, 14 Aug 2019 17:04:22-common.log-home_page.py-[line:24]-INFO-[日志信息]: 跳过欢迎页
Wed, 14 Aug 2019 17:04:28-common.log-home_page.py-[line:32]-INFO-[日志信息]: 点击[立即体验]按钮
Wed, 14 Aug 2019 17:04:28-common.log-login_page.py-[line:30]-INFO-[日志信息]: 点击[登录/注册]按钮
Wed, 14 Aug 2019 17:04:31-common.log-login_page.py-[line:34]-INFO-[日志信息]: 输入[用户名]12012345678
Wed, 14 Aug 2019 17:04:33-common.log-login_page.py-[line:43]-INFO-[日志信息]: 点击[下一步]按钮
Wed, 14 Aug 2019 17:04:34-common.log-register_page.py-[line:32]-INFO-[日志信息]: 获取[注册]按钮文本信息
Wed, 14 Aug 2019 17:04:36-common.log-test_login.py-[line:88]-INFO-[日志信息]: 测试用例:test_login_phone_unregister->通过
Wed, 14 Aug 2019 17:04:42-common.log-test_login.py-[line:215]-INFO-[日志信息]: 测试用例执行结束
Wed, 14 Aug 2019 17:04:42-common.log-test_login.py-[line:33]-INFO-[日志信息]: 开始执行测试用例
Wed, 14 Aug 2019 17:04:42-common.log-home_page.py-[line:24]-INFO-[日志信息]: 跳过欢迎页
Wed, 14 Aug 2019 17:04:48-common.log-home_page.py-[line:32]-INFO-[日志信息]: 点击[立即体验]按钮
Wed, 14 Aug 2019 17:04:48-common.log-home_page.py-[line:28]-INFO-[日志信息]: 点击[我的]菜单
Wed, 14 Aug 2019 17:04:50-common.log-login_page.py-[line:34]-INFO-[日志信息]: 输入[用户名]13691579846
Wed, 14 Aug 2019 17:04:53-common.log-login_page.py-[line:43]-INFO-[日志信息]: 点击[下一步]按钮
Wed, 14 Aug 2019 17:04:53-common.log-login_page.py-[line:47]-INFO-[日志信息]: 输入[密码]xiaochao11520
Wed, 14 Aug 2019 17:04:56-common.log-login_page.py-[line:56]-INFO-[日志信息]: 点击[确定]按钮
Wed, 14 Aug 2019 17:04:56-common.log-user_page.py-[line:25]-INFO-[日志信息]: 点击[以后再说]按钮
Wed, 14 Aug 2019 17:04:58-common.log-user_page.py-[line:21]-INFO-[日志信息]: 获取[账户]信息
Wed, 14 Aug 2019 17:04:59-common.log-test_login.py-[line:210]-INFO-[日志信息]: 测试用例:test_myself_login_success->通过
Wed, 14 Aug 2019 17:05:05-common.log-test_login.py-[line:215]-INFO-[日志信息]: 测试用例执行结束
Wed, 14 Aug 2019 17:05:05-common.log-test_login.py-[line:33]-INFO-[日志信息]: 开始执行测试用例
Wed, 14 Aug 2019 17:05:05-common.log-home_page.py-[line:24]-INFO-[日志信息]: 跳过欢迎页
Wed, 14 Aug 2019 17:05:11-common.log-home_page.py-[line:32]-INFO-[日志信息]: 点击[立即体验]按钮
Wed, 14 Aug 2019 17:05:11-common.log-home_page.py-[line:28]-INFO-[日志信息]: 点击[我的]菜单
Wed, 14 Aug 2019 17:05:14-common.log-login_page.py-[line:34]-INFO-[日志信息]: 输入[用户名]13691579846
Wed, 14 Aug 2019 17:05:16-common.log-login_page.py-[line:43]-INFO-[日志信息]: 点击[下一步]按钮
Wed, 14 Aug 2019 17:05:17-common.log-login_page.py-[line:47]-INFO-[日志信息]: 输入[密码]linux超
Wed, 14 Aug 2019 17:05:18-common.log-login_page.py-[line:56]-INFO-[日志信息]: 点击[确定]按钮
Wed, 14 Aug 2019 17:05:19-common.log-login_page.py-[line:61]-INFO-[日志信息]: 获取[错误密码]提示框信息
Wed, 14 Aug 2019 17:05:20-common.log-test_login.py-[line:196]-INFO-[日志信息]: 测试用例:test_myself_password_error->通过
Wed, 14 Aug 2019 17:05:26-common.log-test_login.py-[line:215]-INFO-[日志信息]: 测试用例执行结束
Wed, 14 Aug 2019 17:05:26-common.log-test_login.py-[line:33]-INFO-[日志信息]: 开始执行测试用例
Wed, 14 Aug 2019 17:05:26-common.log-home_page.py-[line:24]-INFO-[日志信息]: 跳过欢迎页
Wed, 14 Aug 2019 17:05:32-common.log-home_page.py-[line:32]-INFO-[日志信息]: 点击[立即体验]按钮
Wed, 14 Aug 2019 17:05:33-common.log-home_page.py-[line:28]-INFO-[日志信息]: 点击[我的]菜单
Wed, 14 Aug 2019 17:05:35-common.log-login_page.py-[line:34]-INFO-[日志信息]: 输入[用户名]12345678901
Wed, 14 Aug 2019 17:05:38-common.log-login_page.py-[line:43]-INFO-[日志信息]: 点击[下一步]按钮
Wed, 14 Aug 2019 17:05:39-common.log-login_page.py-[line:66]-INFO-[日志信息]: 获取[手机号]错误提示信息
Wed, 14 Aug 2019 17:05:40-common.log-test_login.py-[line:157]-INFO-[日志信息]: 测试用例:test_myself_phone_format_incorrect->通过
Wed, 14 Aug 2019 17:05:46-common.log-test_login.py-[line:215]-INFO-[日志信息]: 测试用例执行结束
Wed, 14 Aug 2019 17:05:46-common.log-test_login.py-[line:33]-INFO-[日志信息]: 开始执行测试用例
Wed, 14 Aug 2019 17:05:46-common.log-home_page.py-[line:24]-INFO-[日志信息]: 跳过欢迎页
Wed, 14 Aug 2019 17:05:52-common.log-home_page.py-[line:32]-INFO-[日志信息]: 点击[立即体验]按钮
Wed, 14 Aug 2019 17:05:52-common.log-home_page.py-[line:28]-INFO-[日志信息]: 点击[我的]菜单
Wed, 14 Aug 2019 17:05:55-common.log-login_page.py-[line:34]-INFO-[日志信息]: 输入[用户名]
Wed, 14 Aug 2019 17:05:58-common.log-login_page.py-[line:43]-INFO-[日志信息]: 点击[下一步]按钮
Wed, 14 Aug 2019 17:05:58-common.log-login_page.py-[line:39]-INFO-[日志信息]: 获取电话号码错误提示信息
Wed, 14 Aug 2019 17:05:59-common.log-test_login.py-[line:143]-INFO-[日志信息]: 测试用例:test_myself_phone_incorrect->通过
Wed, 14 Aug 2019 17:06:06-common.log-test_login.py-[line:215]-INFO-[日志信息]: 测试用例执行结束
Wed, 14 Aug 2019 17:06:06-common.log-test_login.py-[line:33]-INFO-[日志信息]: 开始执行测试用例
Wed, 14 Aug 2019 17:06:06-common.log-home_page.py-[line:24]-INFO-[日志信息]: 跳过欢迎页
Wed, 14 Aug 2019 17:06:11-common.log-home_page.py-[line:32]-INFO-[日志信息]: 点击[立即体验]按钮
Wed, 14 Aug 2019 17:06:12-common.log-home_page.py-[line:28]-INFO-[日志信息]: 点击[我的]菜单
Wed, 14 Aug 2019 17:06:14-common.log-login_page.py-[line:34]-INFO-[日志信息]: 输入[用户名]1369157984
Wed, 14 Aug 2019 17:06:17-common.log-login_page.py-[line:43]-INFO-[日志信息]: 点击[下一步]按钮
Wed, 14 Aug 2019 17:06:17-common.log-login_page.py-[line:39]-INFO-[日志信息]: 获取电话号码错误提示信息
Wed, 14 Aug 2019 17:06:18-common.log-test_login.py-[line:143]-INFO-[日志信息]: 测试用例:test_myself_phone_incorrect->通过
Wed, 14 Aug 2019 17:06:24-common.log-test_login.py-[line:215]-INFO-[日志信息]: 测试用例执行结束
Wed, 14 Aug 2019 17:06:24-common.log-test_login.py-[line:33]-INFO-[日志信息]: 开始执行测试用例
Wed, 14 Aug 2019 17:06:24-common.log-home_page.py-[line:24]-INFO-[日志信息]: 跳过欢迎页
Wed, 14 Aug 2019 17:06:30-common.log-home_page.py-[line:32]-INFO-[日志信息]: 点击[立即体验]按钮
Wed, 14 Aug 2019 17:06:30-common.log-home_page.py-[line:28]-INFO-[日志信息]: 点击[我的]菜单
Wed, 14 Aug 2019 17:06:32-common.log-login_page.py-[line:34]-INFO-[日志信息]: 输入[用户名]13691579846
Wed, 14 Aug 2019 17:06:35-common.log-login_page.py-[line:43]-INFO-[日志信息]: 点击[下一步]按钮
Wed, 14 Aug 2019 17:06:36-common.log-login_page.py-[line:52]-INFO-[日志信息]: 获取[密码]输入框信息
Wed, 14 Aug 2019 17:06:37-common.log-test_login.py-[line:170]-INFO-[日志信息]: 测试用例:test_myself_phone_registered->通过
Wed, 14 Aug 2019 17:06:44-common.log-test_login.py-[line:215]-INFO-[日志信息]: 测试用例执行结束
Wed, 14 Aug 2019 17:06:44-common.log-test_login.py-[line:33]-INFO-[日志信息]: 开始执行测试用例
Wed, 14 Aug 2019 17:06:44-common.log-home_page.py-[line:24]-INFO-[日志信息]: 跳过欢迎页
Wed, 14 Aug 2019 17:06:50-common.log-home_page.py-[line:32]-INFO-[日志信息]: 点击[立即体验]按钮
Wed, 14 Aug 2019 17:06:50-common.log-home_page.py-[line:28]-INFO-[日志信息]: 点击[我的]菜单
Wed, 14 Aug 2019 17:06:52-common.log-login_page.py-[line:34]-INFO-[日志信息]: 输入[用户名]12012345678
Wed, 14 Aug 2019 17:06:55-common.log-login_page.py-[line:43]-INFO-[日志信息]: 点击[下一步]按钮
Wed, 14 Aug 2019 17:06:56-common.log-register_page.py-[line:32]-INFO-[日志信息]: 获取[注册]按钮文本信息
Wed, 14 Aug 2019 17:06:57-common.log-test_login.py-[line:183]-INFO-[日志信息]: 测试用例:test_myself_phone_unregister->通过
Wed, 14 Aug 2019 17:07:04-common.log-test_login.py-[line:215]-INFO-[日志信息]: 测试用例执行结束
Wed, 14 Aug 2019 17:07:06-common.log-rootcase.py-[line:50]-INFO-[日志信息]: 执行测试类结束
Wed, 14 Aug 2019 17:08:14-common.log-rootcase.py-[line:35]-INFO-[日志信息]: 开始执行测试类
Wed, 14 Aug 2019 17:08:33-common.log-test_register.py-[line:29]-INFO-[日志信息]: 开始执行测试用例
Wed, 14 Aug 2019 17:08:33-common.log-home_page.py-[line:24]-INFO-[日志信息]: 跳过欢迎页
Wed, 14 Aug 2019 17:08:39-common.log-home_page.py-[line:32]-INFO-[日志信息]: 点击[立即体验]按钮
Wed, 14 Aug 2019 17:08:39-common.log-login_page.py-[line:30]-INFO-[日志信息]: 点击[登录/注册]按钮
Wed, 14 Aug 2019 17:08:42-common.log-login_page.py-[line:34]-INFO-[日志信息]: 输入[用户名]13274517393
Wed, 14 Aug 2019 17:08:44-common.log-login_page.py-[line:43]-INFO-[日志信息]: 点击[下一步]按钮
Wed, 14 Aug 2019 17:08:45-common.log-register_page.py-[line:40]-INFO-[日志信息]: 输入[登录密码]linuxxiaochao123
Wed, 14 Aug 2019 17:08:48-common.log-register_page.py-[line:44]-INFO-[日志信息]: 输入[确认密码]linuxxiaochao123
Wed, 14 Aug 2019 17:08:50-common.log-register_page.py-[line:48]-INFO-[日志信息]: 点击[我已阅读并同意]按钮
Wed, 14 Aug 2019 17:08:51-common.log-register_page.py-[line:52]-INFO-[日志信息]: 点击[注册]按钮
Wed, 14 Aug 2019 17:08:52-common.log-register_page.py-[line:57]-INFO-[日志信息]: 获取注册失败的提示信息
Wed, 14 Aug 2019 17:08:54-common.log-test_register.py-[line:48]-INFO-[日志信息]: 测试用例:test_register_fail_1->通过
Wed, 14 Aug 2019 17:09:00-common.log-test_register.py-[line:69]-INFO-[日志信息]: 测试用例执行结束
Wed, 14 Aug 2019 17:09:00-common.log-test_register.py-[line:29]-INFO-[日志信息]: 开始执行测试用例
Wed, 14 Aug 2019 17:09:00-common.log-home_page.py-[line:24]-INFO-[日志信息]: 跳过欢迎页
Wed, 14 Aug 2019 17:09:06-common.log-home_page.py-[line:32]-INFO-[日志信息]: 点击[立即体验]按钮
Wed, 14 Aug 2019 17:09:06-common.log-login_page.py-[line:30]-INFO-[日志信息]: 点击[登录/注册]按钮
Wed, 14 Aug 2019 17:09:09-common.log-login_page.py-[line:34]-INFO-[日志信息]: 输入[用户名]13274517393
Wed, 14 Aug 2019 17:09:11-common.log-login_page.py-[line:43]-INFO-[日志信息]: 点击[下一步]按钮
Wed, 14 Aug 2019 17:09:11-common.log-register_page.py-[line:36]-INFO-[日志信息]: 输入[验证码]1234561
Wed, 14 Aug 2019 17:09:14-common.log-register_page.py-[line:44]-INFO-[日志信息]: 输入[确认密码]linuxxiaochao123
Wed, 14 Aug 2019 17:09:15-common.log-register_page.py-[line:48]-INFO-[日志信息]: 点击[我已阅读并同意]按钮
Wed, 14 Aug 2019 17:09:16-common.log-register_page.py-[line:52]-INFO-[日志信息]: 点击[注册]按钮
Wed, 14 Aug 2019 17:09:16-common.log-register_page.py-[line:57]-INFO-[日志信息]: 获取注册失败的提示信息
Wed, 14 Aug 2019 17:09:17-common.log-test_register.py-[line:48]-INFO-[日志信息]: 测试用例:test_register_fail_1->通过
Wed, 14 Aug 2019 17:09:23-common.log-test_register.py-[line:69]-INFO-[日志信息]: 测试用例执行结束
Wed, 14 Aug 2019 17:09:23-common.log-test_register.py-[line:29]-INFO-[日志信息]: 开始执行测试用例
Wed, 14 Aug 2019 17:09:23-common.log-home_page.py-[line:24]-INFO-[日志信息]: 跳过欢迎页
Wed, 14 Aug 2019 17:09:29-common.log-home_page.py-[line:32]-INFO-[日志信息]: 点击[立即体验]按钮
Wed, 14 Aug 2019 17:09:29-common.log-login_page.py-[line:30]-INFO-[日志信息]: 点击[登录/注册]按钮
Wed, 14 Aug 2019 17:09:32-common.log-login_page.py-[line:34]-INFO-[日志信息]: 输入[用户名]13274517393
Wed, 14 Aug 2019 17:09:34-common.log-login_page.py-[line:43]-INFO-[日志信息]: 点击[下一步]按钮
Wed, 14 Aug 2019 17:09:35-common.log-register_page.py-[line:36]-INFO-[日志信息]: 输入[验证码]1234562
Wed, 14 Aug 2019 17:09:37-common.log-register_page.py-[line:40]-INFO-[日志信息]: 输入[登录密码]linuxxiaochao123
Wed, 14 Aug 2019 17:09:38-common.log-register_page.py-[line:48]-INFO-[日志信息]: 点击[我已阅读并同意]按钮
Wed, 14 Aug 2019 17:09:39-common.log-register_page.py-[line:52]-INFO-[日志信息]: 点击[注册]按钮
Wed, 14 Aug 2019 17:09:40-common.log-register_page.py-[line:57]-INFO-[日志信息]: 获取注册失败的提示信息
Wed, 14 Aug 2019 17:09:41-common.log-test_register.py-[line:48]-INFO-[日志信息]: 测试用例:test_register_fail_1->通过
Wed, 14 Aug 2019 17:09:47-common.log-test_register.py-[line:69]-INFO-[日志信息]: 测试用例执行结束
Wed, 14 Aug 2019 17:09:47-common.log-test_register.py-[line:29]-INFO-[日志信息]: 开始执行测试用例
Wed, 14 Aug 2019 17:09:47-common.log-home_page.py-[line:24]-INFO-[日志信息]: 跳过欢迎页
Wed, 14 Aug 2019 17:09:53-common.log-home_page.py-[line:32]-INFO-[日志信息]: 点击[立即体验]按钮
Wed, 14 Aug 2019 17:09:53-common.log-login_page.py-[line:30]-INFO-[日志信息]: 点击[登录/注册]按钮
Wed, 14 Aug 2019 17:09:55-common.log-login_page.py-[line:34]-INFO-[日志信息]: 输入[用户名]13274517393
Wed, 14 Aug 2019 17:09:58-common.log-login_page.py-[line:43]-INFO-[日志信息]: 点击[下一步]按钮
Wed, 14 Aug 2019 17:09:59-common.log-register_page.py-[line:52]-INFO-[日志信息]: 点击[注册]按钮
Wed, 14 Aug 2019 17:10:01-common.log-register_page.py-[line:57]-INFO-[日志信息]: 获取注册失败的提示信息
Wed, 14 Aug 2019 17:10:02-common.log-test_register.py-[line:48]-INFO-[日志信息]: 测试用例:test_register_fail_1->通过
Wed, 14 Aug 2019 17:10:08-common.log-test_register.py-[line:69]-INFO-[日志信息]: 测试用例执行结束
Wed, 14 Aug 2019 17:10:08-common.log-test_register.py-[line:29]-INFO-[日志信息]: 开始执行测试用例
Wed, 14 Aug 2019 17:10:08-common.log-home_page.py-[line:24]-INFO-[日志信息]: 跳过欢迎页
Wed, 14 Aug 2019 17:10:14-common.log-home_page.py-[line:32]-INFO-[日志信息]: 点击[立即体验]按钮
Wed, 14 Aug 2019 17:10:14-common.log-login_page.py-[line:30]-INFO-[日志信息]: 点击[登录/注册]按钮
Wed, 14 Aug 2019 17:10:17-common.log-login_page.py-[line:34]-INFO-[日志信息]: 输入[用户名]13274517393
Wed, 14 Aug 2019 17:10:20-common.log-login_page.py-[line:43]-INFO-[日志信息]: 点击[下一步]按钮
Wed, 14 Aug 2019 17:10:20-common.log-register_page.py-[line:36]-INFO-[日志信息]: 输入[验证码]123451
Wed, 14 Aug 2019 17:10:23-common.log-register_page.py-[line:40]-INFO-[日志信息]: 输入[登录密码]linuxxiaochao
Wed, 14 Aug 2019 17:10:24-common.log-register_page.py-[line:44]-INFO-[日志信息]: 输入[确认密码]linuxxiaochao
Wed, 14 Aug 2019 17:10:25-common.log-register_page.py-[line:48]-INFO-[日志信息]: 点击[我已阅读并同意]按钮
Wed, 14 Aug 2019 17:10:26-common.log-register_page.py-[line:52]-INFO-[日志信息]: 点击[注册]按钮
Wed, 14 Aug 2019 17:10:26-common.log-register_page.py-[line:62]-INFO-[日志信息]: 获取注册失败的toast信息
Wed, 14 Aug 2019 17:10:57-common.log-base.py-[line:176]-ERROR-[日志信息]: the element //*[@text='验证码错误或已过期'] not presence
Wed, 14 Aug 2019 17:11:03-common.log-test_register.py-[line:69]-INFO-[日志信息]: 测试用例执行结束
Wed, 14 Aug 2019 17:11:03-common.log-test_register.py-[line:29]-INFO-[日志信息]: 开始执行测试用例
Wed, 14 Aug 2019 17:11:03-common.log-home_page.py-[line:24]-INFO-[日志信息]: 跳过欢迎页
Wed, 14 Aug 2019 17:11:09-common.log-home_page.py-[line:32]-INFO-[日志信息]: 点击[立即体验]按钮
Wed, 14 Aug 2019 17:11:09-common.log-login_page.py-[line:30]-INFO-[日志信息]: 点击[登录/注册]按钮
Wed, 14 Aug 2019 17:11:12-common.log-login_page.py-[line:34]-INFO-[日志信息]: 输入[用户名]13274517393
Wed, 14 Aug 2019 17:11:14-common.log-login_page.py-[line:43]-INFO-[日志信息]: 点击[下一步]按钮
Wed, 14 Aug 2019 17:11:15-common.log-register_page.py-[line:36]-INFO-[日志信息]: 输入[验证码]123452
Wed, 14 Aug 2019 17:11:19-common.log-register_page.py-[line:40]-INFO-[日志信息]: 输入[登录密码]linuxxiaochao123
Wed, 14 Aug 2019 17:11:21-common.log-register_page.py-[line:44]-INFO-[日志信息]: 输入[确认密码]linuxxiaochao123
Wed, 14 Aug 2019 17:11:23-common.log-register_page.py-[line:52]-INFO-[日志信息]: 点击[注册]按钮
Wed, 14 Aug 2019 17:11:24-common.log-register_page.py-[line:62]-INFO-[日志信息]: 获取注册失败的toast信息
Wed, 14 Aug 2019 17:11:54-common.log-base.py-[line:176]-ERROR-[日志信息]: the element //*[@text='验证码错误或已过期'] not presence
Wed, 14 Aug 2019 17:12:00-common.log-test_register.py-[line:69]-INFO-[日志信息]: 测试用例执行结束
Wed, 14 Aug 2019 17:12:00-common.log-test_register.py-[line:29]-INFO-[日志信息]: 开始执行测试用例
Wed, 14 Aug 2019 17:12:00-common.log-home_page.py-[line:24]-INFO-[日志信息]: 跳过欢迎页
Wed, 14 Aug 2019 17:12:06-common.log-home_page.py-[line:32]-INFO-[日志信息]: 点击[立即体验]按钮
Wed, 14 Aug 2019 17:12:06-common.log-login_page.py-[line:30]-INFO-[日志信息]: 点击[登录/注册]按钮
Wed, 14 Aug 2019 17:12:09-common.log-login_page.py-[line:34]-INFO-[日志信息]: 输入[用户名]13274517393
Wed, 14 Aug 2019 17:12:12-common.log-login_page.py-[line:43]-INFO-[日志信息]: 点击[下一步]按钮
Wed, 14 Aug 2019 17:12:12-common.log-register_page.py-[line:36]-INFO-[日志信息]: 输入[验证码]123453
Wed, 14 Aug 2019 17:12:15-common.log-register_page.py-[line:40]-INFO-[日志信息]: 输入[登录密码]linuxxiaochao
Wed, 14 Aug 2019 17:12:16-common.log-register_page.py-[line:44]-INFO-[日志信息]: 输入[确认密码]linuxxiaochao
Wed, 14 Aug 2019 17:12:17-common.log-register_page.py-[line:48]-INFO-[日志信息]: 点击[我已阅读并同意]按钮
Wed, 14 Aug 2019 17:12:18-common.log-register_page.py-[line:52]-INFO-[日志信息]: 点击[注册]按钮
Wed, 14 Aug 2019 17:12:18-common.log-register_page.py-[line:62]-INFO-[日志信息]: 获取注册失败的toast信息
Wed, 14 Aug 2019 17:12:48-common.log-base.py-[line:176]-ERROR-[日志信息]: the element //*[@text='验证码错误或已过期'] not presence
Wed, 14 Aug 2019 17:12:55-common.log-test_register.py-[line:69]-INFO-[日志信息]: 测试用例执行结束
Wed, 14 Aug 2019 17:12:57-common.log-rootcase.py-[line:50]-INFO-[日志信息]: 执行测试类结束
Wed, 14 Aug 2019 17:27:22-common.log-rootcase.py-[line:35]-INFO-[日志信息]: 开始执行测试类
Wed, 14 Aug 2019 17:27:41-common.log-test_register.py-[line:31]-INFO-[日志信息]: 开始执行测试用例
Wed, 14 Aug 2019 17:27:41-common.log-home_page.py-[line:24]-INFO-[日志信息]: 跳过欢迎页
Wed, 14 Aug 2019 17:27:47-common.log-home_page.py-[line:32]-INFO-[日志信息]: 点击[立即体验]按钮
Wed, 14 Aug 2019 17:27:47-common.log-login_page.py-[line:30]-INFO-[日志信息]: 点击[登录/注册]按钮
Wed, 14 Aug 2019 17:27:50-common.log-login_page.py-[line:34]-INFO-[日志信息]: 输入[用户名]13274517393
Wed, 14 Aug 2019 17:27:53-common.log-login_page.py-[line:43]-INFO-[日志信息]: 点击[下一步]按钮
Wed, 14 Aug 2019 17:27:53-common.log-register_page.py-[line:36]-INFO-[日志信息]: 输入[验证码]123451
Wed, 14 Aug 2019 17:27:58-common.log-register_page.py-[line:40]-INFO-[日志信息]: 输入[登录密码]linuxxiaochao
Wed, 14 Aug 2019 17:28:00-common.log-register_page.py-[line:44]-INFO-[日志信息]: 输入[确认密码]linuxxiaochao
Wed, 14 Aug 2019 17:28:02-common.log-register_page.py-[line:48]-INFO-[日志信息]: 点击[我已阅读并同意]按钮
Wed, 14 Aug 2019 17:28:03-common.log-register_page.py-[line:52]-INFO-[日志信息]: 点击[注册]按钮
Wed, 14 Aug 2019 17:28:04-common.log-register_page.py-[line:62]-INFO-[日志信息]: 获取验证码错误时toast信息
Wed, 14 Aug 2019 17:28:34-common.log-base.py-[line:176]-ERROR-[日志信息]: the element //*[@text='验证码错误或已过期'] not presence
Wed, 14 Aug 2019 17:28:40-common.log-test_register.py-[line:103]-INFO-[日志信息]: 测试用例执行结束
Wed, 14 Aug 2019 17:28:40-common.log-test_register.py-[line:31]-INFO-[日志信息]: 开始执行测试用例
Wed, 14 Aug 2019 17:28:40-common.log-home_page.py-[line:24]-INFO-[日志信息]: 跳过欢迎页
Wed, 14 Aug 2019 17:28:46-common.log-home_page.py-[line:32]-INFO-[日志信息]: 点击[立即体验]按钮
Wed, 14 Aug 2019 17:28:46-common.log-login_page.py-[line:30]-INFO-[日志信息]: 点击[登录/注册]按钮
Wed, 14 Aug 2019 17:28:49-common.log-login_page.py-[line:34]-INFO-[日志信息]: 输入[用户名]13274517393
Wed, 14 Aug 2019 17:28:52-common.log-login_page.py-[line:43]-INFO-[日志信息]: 点击[下一步]按钮
Wed, 14 Aug 2019 17:28:52-common.log-register_page.py-[line:40]-INFO-[日志信息]: 输入[登录密码]linuxxiaochao123
Wed, 14 Aug 2019 17:28:54-common.log-register_page.py-[line:44]-INFO-[日志信息]: 输入[确认密码]linuxxiaochao123
Wed, 14 Aug 2019 17:28:55-common.log-register_page.py-[line:48]-INFO-[日志信息]: 点击[我已阅读并同意]按钮
Wed, 14 Aug 2019 17:28:56-common.log-register_page.py-[line:52]-INFO-[日志信息]: 点击[注册]按钮
Wed, 14 Aug 2019 17:28:57-common.log-register_page.py-[line:57]-INFO-[日志信息]: 获取注册失败的提示信息
Wed, 14 Aug 2019 17:28:58-common.log-test_register.py-[line:50]-INFO-[日志信息]: 测试用例:test_lack_required_items->通过
Wed, 14 Aug 2019 17:29:04-common.log-test_register.py-[line:103]-INFO-[日志信息]: 测试用例执行结束
Wed, 14 Aug 2019 17:29:04-common.log-test_register.py-[line:31]-INFO-[日志信息]: 开始执行测试用例
Wed, 14 Aug 2019 17:29:04-common.log-home_page.py-[line:24]-INFO-[日志信息]: 跳过欢迎页
Wed, 14 Aug 2019 17:29:09-common.log-home_page.py-[line:32]-INFO-[日志信息]: 点击[立即体验]按钮
Wed, 14 Aug 2019 17:29:10-common.log-login_page.py-[line:30]-INFO-[日志信息]: 点击[登录/注册]按钮
Wed, 14 Aug 2019 17:29:12-common.log-login_page.py-[line:34]-INFO-[日志信息]: 输入[用户名]13274517393
Wed, 14 Aug 2019 17:29:15-common.log-login_page.py-[line:43]-INFO-[日志信息]: 点击[下一步]按钮
Wed, 14 Aug 2019 17:29:16-common.log-register_page.py-[line:36]-INFO-[日志信息]: 输入[验证码]1234561
Wed, 14 Aug 2019 17:29:20-common.log-register_page.py-[line:44]-INFO-[日志信息]: 输入[确认密码]linuxxiaochao123
Wed, 14 Aug 2019 17:29:22-common.log-register_page.py-[line:48]-INFO-[日志信息]: 点击[我已阅读并同意]按钮
Wed, 14 Aug 2019 17:29:23-common.log-register_page.py-[line:52]-INFO-[日志信息]: 点击[注册]按钮
Wed, 14 Aug 2019 17:29:24-common.log-register_page.py-[line:57]-INFO-[日志信息]: 获取注册失败的提示信息
Wed, 14 Aug 2019 17:29:25-common.log-test_register.py-[line:50]-INFO-[日志信息]: 测试用例:test_lack_required_items->通过
Wed, 14 Aug 2019 17:29:31-common.log-test_register.py-[line:103]-INFO-[日志信息]: 测试用例执行结束
Wed, 14 Aug 2019 17:29:31-common.log-test_register.py-[line:31]-INFO-[日志信息]: 开始执行测试用例
Wed, 14 Aug 2019 17:29:31-common.log-home_page.py-[line:24]-INFO-[日志信息]: 跳过欢迎页
Wed, 14 Aug 2019 17:29:37-common.log-home_page.py-[line:32]-INFO-[日志信息]: 点击[立即体验]按钮
Wed, 14 Aug 2019 17:29:37-common.log-login_page.py-[line:30]-INFO-[日志信息]: 点击[登录/注册]按钮
Wed, 14 Aug 2019 17:29:40-common.log-login_page.py-[line:34]-INFO-[日志信息]: 输入[用户名]13274517393
Wed, 14 Aug 2019 17:29:42-common.log-login_page.py-[line:43]-INFO-[日志信息]: 点击[下一步]按钮
Wed, 14 Aug 2019 17:29:43-common.log-register_page.py-[line:36]-INFO-[日志信息]: 输入[验证码]1234562
Wed, 14 Aug 2019 17:29:46-common.log-register_page.py-[line:40]-INFO-[日志信息]: 输入[登录密码]linuxxiaochao123
Wed, 14 Aug 2019 17:29:47-common.log-register_page.py-[line:48]-INFO-[日志信息]: 点击[我已阅读并同意]按钮
Wed, 14 Aug 2019 17:29:47-common.log-register_page.py-[line:52]-INFO-[日志信息]: 点击[注册]按钮
Wed, 14 Aug 2019 17:29:48-common.log-register_page.py-[line:57]-INFO-[日志信息]: 获取注册失败的提示信息
Wed, 14 Aug 2019 17:29:49-common.log-test_register.py-[line:50]-INFO-[日志信息]: 测试用例:test_lack_required_items->通过
Wed, 14 Aug 2019 17:29:55-common.log-test_register.py-[line:103]-INFO-[日志信息]: 测试用例执行结束
Wed, 14 Aug 2019 17:29:55-common.log-test_register.py-[line:31]-INFO-[日志信息]: 开始执行测试用例
Wed, 14 Aug 2019 17:29:55-common.log-home_page.py-[line:24]-INFO-[日志信息]: 跳过欢迎页
Wed, 14 Aug 2019 17:30:00-common.log-home_page.py-[line:32]-INFO-[日志信息]: 点击[立即体验]按钮
Wed, 14 Aug 2019 17:30:01-common.log-login_page.py-[line:30]-INFO-[日志信息]: 点击[登录/注册]按钮
Wed, 14 Aug 2019 17:30:04-common.log-login_page.py-[line:34]-INFO-[日志信息]: 输入[用户名]13274517393
Wed, 14 Aug 2019 17:30:07-common.log-login_page.py-[line:43]-INFO-[日志信息]: 点击[下一步]按钮
Wed, 14 Aug 2019 17:30:07-common.log-register_page.py-[line:52]-INFO-[日志信息]: 点击[注册]按钮
Wed, 14 Aug 2019 17:30:09-common.log-register_page.py-[line:57]-INFO-[日志信息]: 获取注册失败的提示信息
Wed, 14 Aug 2019 17:30:10-common.log-test_register.py-[line:50]-INFO-[日志信息]: 测试用例:test_lack_required_items->通过
Wed, 14 Aug 2019 17:30:17-common.log-test_register.py-[line:103]-INFO-[日志信息]: 测试用例执行结束
Wed, 14 Aug 2019 17:30:17-common.log-test_register.py-[line:31]-INFO-[日志信息]: 开始执行测试用例
Wed, 14 Aug 2019 17:30:17-common.log-home_page.py-[line:24]-INFO-[日志信息]: 跳过欢迎页
Wed, 14 Aug 2019 17:30:23-common.log-home_page.py-[line:32]-INFO-[日志信息]: 点击[立即体验]按钮
Wed, 14 Aug 2019 17:30:23-common.log-login_page.py-[line:30]-INFO-[日志信息]: 点击[登录/注册]按钮
Wed, 14 Aug 2019 17:30:26-common.log-login_page.py-[line:34]-INFO-[日志信息]: 输入[用户名]13274517393
Wed, 14 Aug 2019 17:30:29-common.log-login_page.py-[line:43]-INFO-[日志信息]: 点击[下一步]按钮
Wed, 14 Aug 2019 17:30:30-common.log-register_page.py-[line:36]-INFO-[日志信息]: 输入[验证码]123452
Wed, 14 Aug 2019 17:30:34-common.log-register_page.py-[line:40]-INFO-[日志信息]: 输入[登录密码]linuxxiaochao123
Wed, 14 Aug 2019 17:30:36-common.log-register_page.py-[line:44]-INFO-[日志信息]: 输入[确认密码]linuxxiaochao123
Wed, 14 Aug 2019 17:30:38-common.log-register_page.py-[line:52]-INFO-[日志信息]: 点击[注册]按钮
Wed, 14 Aug 2019 17:30:39-common.log-register_page.py-[line:67]-INFO-[日志信息]: 获取不勾选协议时toast信息
Wed, 14 Aug 2019 17:31:09-common.log-base.py-[line:176]-ERROR-[日志信息]: the element //*[@text='请阅读并同意'] not presence
Wed, 14 Aug 2019 17:31:15-common.log-test_register.py-[line:103]-INFO-[日志信息]: 测试用例执行结束
Wed, 14 Aug 2019 17:31:15-common.log-test_register.py-[line:31]-INFO-[日志信息]: 开始执行测试用例
Wed, 14 Aug 2019 17:31:15-common.log-home_page.py-[line:24]-INFO-[日志信息]: 跳过欢迎页
Wed, 14 Aug 2019 17:31:21-common.log-home_page.py-[line:32]-INFO-[日志信息]: 点击[立即体验]按钮
Wed, 14 Aug 2019 17:31:22-common.log-login_page.py-[line:30]-INFO-[日志信息]: 点击[登录/注册]按钮
Wed, 14 Aug 2019 17:31:24-common.log-login_page.py-[line:34]-INFO-[日志信息]: 输入[用户名]13274517393
Wed, 14 Aug 2019 17:31:27-common.log-login_page.py-[line:43]-INFO-[日志信息]: 点击[下一步]按钮
Wed, 14 Aug 2019 17:31:28-common.log-register_page.py-[line:36]-INFO-[日志信息]: 输入[验证码]123453
Wed, 14 Aug 2019 17:31:31-common.log-register_page.py-[line:40]-INFO-[日志信息]: 输入[登录密码]linuxxiaochao
Wed, 14 Aug 2019 17:31:32-common.log-register_page.py-[line:44]-INFO-[日志信息]: 输入[确认密码]linuxxiaochao
Wed, 14 Aug 2019 17:31:33-common.log-register_page.py-[line:48]-INFO-[日志信息]: 点击[我已阅读并同意]按钮
Wed, 14 Aug 2019 17:31:34-common.log-register_page.py-[line:52]-INFO-[日志信息]: 点击[注册]按钮
Wed, 14 Aug 2019 17:31:34-common.log-register_page.py-[line:72]-INFO-[日志信息]: 获取密码格式错误时toast信息
Wed, 14 Aug 2019 17:32:04-common.log-base.py-[line:176]-ERROR-[日志信息]: the element //*[@text='密码格式错误'] not presence
Wed, 14 Aug 2019 17:32:10-common.log-test_register.py-[line:103]-INFO-[日志信息]: 测试用例执行结束
Wed, 14 Aug 2019 17:32:12-common.log-rootcase.py-[line:50]-INFO-[日志信息]: 执行测试类结束
Wed, 14 Aug 2019 17:33:57-common.log-rootcase.py-[line:35]-INFO-[日志信息]: 开始执行测试类
Wed, 14 Aug 2019 17:34:15-common.log-test_register.py-[line:31]-INFO-[日志信息]: 开始执行测试用例
Wed, 14 Aug 2019 17:34:15-common.log-home_page.py-[line:24]-INFO-[日志信息]: 跳过欢迎页
Wed, 14 Aug 2019 17:34:21-common.log-home_page.py-[line:32]-INFO-[日志信息]: 点击[立即体验]按钮
Wed, 14 Aug 2019 17:34:22-common.log-login_page.py-[line:30]-INFO-[日志信息]: 点击[登录/注册]按钮
Wed, 14 Aug 2019 17:34:24-common.log-login_page.py-[line:34]-INFO-[日志信息]: 输入[用户名]13274517393
Wed, 14 Aug 2019 17:34:27-common.log-login_page.py-[line:43]-INFO-[日志信息]: 点击[下一步]按钮
Wed, 14 Aug 2019 17:34:28-common.log-register_page.py-[line:36]-INFO-[日志信息]: 输入[验证码]123451
Wed, 14 Aug 2019 17:34:32-common.log-register_page.py-[line:40]-INFO-[日志信息]: 输入[登录密码]linuxxiaochao
Wed, 14 Aug 2019 17:34:34-common.log-register_page.py-[line:44]-INFO-[日志信息]: 输入[确认密码]linuxxiaochao
Wed, 14 Aug 2019 17:34:36-common.log-register_page.py-[line:48]-INFO-[日志信息]: 点击[我已阅读并同意]按钮
Wed, 14 Aug 2019 17:34:37-common.log-register_page.py-[line:52]-INFO-[日志信息]: 点击[注册]按钮
Wed, 14 Aug 2019 17:34:38-common.log-register_page.py-[line:62]-INFO-[日志信息]: 获取验证码错误时toast信息
Wed, 14 Aug 2019 17:35:08-common.log-base.py-[line:176]-ERROR-[日志信息]: the element //*[contains(@text, '验证码错误或已过期')] not presence
Wed, 14 Aug 2019 17:35:14-common.log-test_register.py-[line:103]-INFO-[日志信息]: 测试用例执行结束
Wed, 14 Aug 2019 17:35:14-common.log-test_register.py-[line:31]-INFO-[日志信息]: 开始执行测试用例
Wed, 14 Aug 2019 17:35:14-common.log-home_page.py-[line:24]-INFO-[日志信息]: 跳过欢迎页
Wed, 14 Aug 2019 17:35:20-common.log-home_page.py-[line:32]-INFO-[日志信息]: 点击[立即体验]按钮
Wed, 14 Aug 2019 17:35:20-common.log-login_page.py-[line:30]-INFO-[日志信息]: 点击[登录/注册]按钮
Wed, 14 Aug 2019 17:35:23-common.log-login_page.py-[line:34]-INFO-[日志信息]: 输入[用户名]13274517393
Wed, 14 Aug 2019 17:35:25-common.log-login_page.py-[line:43]-INFO-[日志信息]: 点击[下一步]按钮
Wed, 14 Aug 2019 17:35:26-common.log-register_page.py-[line:40]-INFO-[日志信息]: 输入[登录密码]linuxxiaochao123
Wed, 14 Aug 2019 17:35:28-common.log-register_page.py-[line:44]-INFO-[日志信息]: 输入[确认密码]linuxxiaochao123
Wed, 14 Aug 2019 17:35:29-common.log-register_page.py-[line:48]-INFO-[日志信息]: 点击[我已阅读并同意]按钮
Wed, 14 Aug 2019 17:35:30-common.log-register_page.py-[line:52]-INFO-[日志信息]: 点击[注册]按钮
Wed, 14 Aug 2019 17:35:30-common.log-register_page.py-[line:57]-INFO-[日志信息]: 获取注册失败的提示信息
Wed, 14 Aug 2019 17:35:31-common.log-test_register.py-[line:50]-INFO-[日志信息]: 测试用例:test_lack_required_items->通过
Wed, 14 Aug 2019 17:35:37-common.log-test_register.py-[line:103]-INFO-[日志信息]: 测试用例执行结束
Wed, 14 Aug 2019 17:35:37-common.log-test_register.py-[line:31]-INFO-[日志信息]: 开始执行测试用例
Wed, 14 Aug 2019 17:35:37-common.log-home_page.py-[line:24]-INFO-[日志信息]: 跳过欢迎页
Wed, 14 Aug 2019 17:35:43-common.log-home_page.py-[line:32]-INFO-[日志信息]: 点击[立即体验]按钮
Wed, 14 Aug 2019 17:35:44-common.log-login_page.py-[line:30]-INFO-[日志信息]: 点击[登录/注册]按钮
Wed, 14 Aug 2019 17:35:46-common.log-login_page.py-[line:34]-INFO-[日志信息]: 输入[用户名]13274517393
Wed, 14 Aug 2019 17:35:49-common.log-login_page.py-[line:43]-INFO-[日志信息]: 点击[下一步]按钮
Wed, 14 Aug 2019 17:35:50-common.log-register_page.py-[line:36]-INFO-[日志信息]: 输入[验证码]1234561
Wed, 14 Aug 2019 17:35:54-common.log-register_page.py-[line:44]-INFO-[日志信息]: 输入[确认密码]linuxxiaochao123
Wed, 14 Aug 2019 17:35:56-common.log-register_page.py-[line:48]-INFO-[日志信息]: 点击[我已阅读并同意]按钮
Wed, 14 Aug 2019 17:35:57-common.log-register_page.py-[line:52]-INFO-[日志信息]: 点击[注册]按钮
Wed, 14 Aug 2019 17:35:58-common.log-register_page.py-[line:57]-INFO-[日志信息]: 获取注册失败的提示信息
Wed, 14 Aug 2019 17:35:59-common.log-test_register.py-[line:50]-INFO-[日志信息]: 测试用例:test_lack_required_items->通过
Wed, 14 Aug 2019 17:36:05-common.log-test_register.py-[line:103]-INFO-[日志信息]: 测试用例执行结束
Wed, 14 Aug 2019 17:36:05-common.log-test_register.py-[line:31]-INFO-[日志信息]: 开始执行测试用例
Wed, 14 Aug 2019 17:36:05-common.log-home_page.py-[line:24]-INFO-[日志信息]: 跳过欢迎页
Wed, 14 Aug 2019 17:36:11-common.log-home_page.py-[line:32]-INFO-[日志信息]: 点击[立即体验]按钮
Wed, 14 Aug 2019 17:36:11-common.log-login_page.py-[line:30]-INFO-[日志信息]: 点击[登录/注册]按钮
Wed, 14 Aug 2019 17:36:14-common.log-login_page.py-[line:34]-INFO-[日志信息]: 输入[用户名]13274517393
Wed, 14 Aug 2019 17:36:17-common.log-login_page.py-[line:43]-INFO-[日志信息]: 点击[下一步]按钮
Wed, 14 Aug 2019 17:36:18-common.log-register_page.py-[line:36]-INFO-[日志信息]: 输入[验证码]1234562
Wed, 14 Aug 2019 17:36:21-common.log-register_page.py-[line:40]-INFO-[日志信息]: 输入[登录密码]linuxxiaochao123
Wed, 14 Aug 2019 17:36:22-common.log-register_page.py-[line:48]-INFO-[日志信息]: 点击[我已阅读并同意]按钮
Wed, 14 Aug 2019 17:36:22-common.log-register_page.py-[line:52]-INFO-[日志信息]: 点击[注册]按钮
Wed, 14 Aug 2019 17:36:23-common.log-register_page.py-[line:57]-INFO-[日志信息]: 获取注册失败的提示信息
Wed, 14 Aug 2019 17:36:24-common.log-test_register.py-[line:50]-INFO-[日志信息]: 测试用例:test_lack_required_items->通过
Wed, 14 Aug 2019 17:36:31-common.log-test_register.py-[line:103]-INFO-[日志信息]: 测试用例执行结束
Wed, 14 Aug 2019 17:36:31-common.log-test_register.py-[line:31]-INFO-[日志信息]: 开始执行测试用例
Wed, 14 Aug 2019 17:36:31-common.log-home_page.py-[line:24]-INFO-[日志信息]: 跳过欢迎页
Wed, 14 Aug 2019 17:36:37-common.log-home_page.py-[line:32]-INFO-[日志信息]: 点击[立即体验]按钮
Wed, 14 Aug 2019 17:36:37-common.log-login_page.py-[line:30]-INFO-[日志信息]: 点击[登录/注册]按钮
Wed, 14 Aug 2019 17:36:40-common.log-login_page.py-[line:34]-INFO-[日志信息]: 输入[用户名]13274517393
Wed, 14 Aug 2019 17:36:43-common.log-login_page.py-[line:43]-INFO-[日志信息]: 点击[下一步]按钮
Wed, 14 Aug 2019 17:36:43-common.log-register_page.py-[line:52]-INFO-[日志信息]: 点击[注册]按钮
Wed, 14 Aug 2019 17:36:45-common.log-register_page.py-[line:57]-INFO-[日志信息]: 获取注册失败的提示信息
Wed, 14 Aug 2019 17:36:47-common.log-test_register.py-[line:50]-INFO-[日志信息]: 测试用例:test_lack_required_items->通过
Wed, 14 Aug 2019 17:36:53-common.log-test_register.py-[line:103]-INFO-[日志信息]: 测试用例执行结束
Wed, 14 Aug 2019 17:36:53-common.log-test_register.py-[line:31]-INFO-[日志信息]: 开始执行测试用例
Wed, 14 Aug 2019 17:36:53-common.log-home_page.py-[line:24]-INFO-[日志信息]: 跳过欢迎页
Wed, 14 Aug 2019 17:36:59-common.log-home_page.py-[line:32]-INFO-[日志信息]: 点击[立即体验]按钮
Wed, 14 Aug 2019 17:36:59-common.log-login_page.py-[line:30]-INFO-[日志信息]: 点击[登录/注册]按钮
Wed, 14 Aug 2019 17:37:02-common.log-login_page.py-[line:34]-INFO-[日志信息]: 输入[用户名]13274517393
Wed, 14 Aug 2019 17:37:05-common.log-login_page.py-[line:43]-INFO-[日志信息]: 点击[下一步]按钮
Wed, 14 Aug 2019 17:37:06-common.log-register_page.py-[line:36]-INFO-[日志信息]: 输入[验证码]123452
Wed, 14 Aug 2019 17:37:10-common.log-register_page.py-[line:40]-INFO-[日志信息]: 输入[登录密码]linuxxiaochao123
Wed, 14 Aug 2019 17:37:12-common.log-register_page.py-[line:44]-INFO-[日志信息]: 输入[确认密码]linuxxiaochao123
Wed, 14 Aug 2019 17:37:14-common.log-register_page.py-[line:52]-INFO-[日志信息]: 点击[注册]按钮
Wed, 14 Aug 2019 17:37:15-common.log-register_page.py-[line:67]-INFO-[日志信息]: 获取不勾选协议时toast信息
Wed, 14 Aug 2019 17:37:16-common.log-test_register.py-[line:82]-INFO-[日志信息]: 测试用例:test_non_agree->通过
Wed, 14 Aug 2019 17:37:23-common.log-test_register.py-[line:103]-INFO-[日志信息]: 测试用例执行结束
Wed, 14 Aug 2019 17:37:23-common.log-test_register.py-[line:31]-INFO-[日志信息]: 开始执行测试用例
Wed, 14 Aug 2019 17:37:23-common.log-home_page.py-[line:24]-INFO-[日志信息]: 跳过欢迎页
Wed, 14 Aug 2019 17:37:29-common.log-home_page.py-[line:32]-INFO-[日志信息]: 点击[立即体验]按钮
Wed, 14 Aug 2019 17:37:29-common.log-login_page.py-[line:30]-INFO-[日志信息]: 点击[登录/注册]按钮
Wed, 14 Aug 2019 17:37:32-common.log-login_page.py-[line:34]-INFO-[日志信息]: 输入[用户名]13274517393
Wed, 14 Aug 2019 17:37:35-common.log-login_page.py-[line:43]-INFO-[日志信息]: 点击[下一步]按钮
Wed, 14 Aug 2019 17:37:37-common.log-register_page.py-[line:36]-INFO-[日志信息]: 输入[验证码]123453
Wed, 14 Aug 2019 17:37:38-common.log-register_page.py-[line:40]-INFO-[日志信息]: 输入[登录密码]linuxxiaochao
Wed, 14 Aug 2019 17:37:39-common.log-register_page.py-[line:44]-INFO-[日志信息]: 输入[确认密码]linuxxiaochao
Wed, 14 Aug 2019 17:37:40-common.log-register_page.py-[line:48]-INFO-[日志信息]: 点击[我已阅读并同意]按钮
Wed, 14 Aug 2019 17:37:41-common.log-register_page.py-[line:52]-INFO-[日志信息]: 点击[注册]按钮
Wed, 14 Aug 2019 17:37:42-common.log-register_page.py-[line:72]-INFO-[日志信息]: 获取密码格式错误时toast信息
Wed, 14 Aug 2019 17:37:43-common.log-test_register.py-[line:98]-INFO-[日志信息]: 测试用例:test_pwd_format_error->通过
Wed, 14 Aug 2019 17:37:49-common.log-test_register.py-[line:103]-INFO-[日志信息]: 测试用例执行结束
Wed, 14 Aug 2019 17:37:51-common.log-rootcase.py-[line:50]-INFO-[日志信息]: 执行测试类结束
